#
# There is insufficient memory for the Java Runtime Environment to continue.
# Native memory allocation (malloc) failed to allocate 1062576 bytes for Chunk::new
# Possible reasons:
#   The system is out of physical RAM or swap space
#   The process is running with CompressedOops enabled, and the Java Heap may be blocking the growth of the native heap
# Possible solutions:
#   Reduce memory load on the system
#   Increase physical memory or swap space
#   Check if swap backing store is full
#   Decrease Java heap size (-Xmx/-Xms)
#   Decrease number of Java threads
#   Decrease Java thread stack sizes (-Xss)
#   Set larger code cache with -XX:ReservedCodeCacheSize=
#   JVM is running with Unscaled Compressed Oops mode in which the Java heap is
#     placed in the first 4GB address space. The Java Heap base address is the
#     maximum limit for the native heap growth. Please use -XX:HeapBaseMinAddress
#     to set the Java Heap base and to place the Java Heap above 4GB virtual address.
# This output file may be truncated or incomplete.
#
#  Out of Memory Error (./src/hotspot/share/memory/arena.cpp:197), pid=12056, tid=5244
#
# JRE version: OpenJDK Runtime Environment (11.0.11+9) (build 11.0.11+9-b60-7590822)
# Java VM: OpenJDK 64-Bit Server VM (11.0.11+9-b60-7590822, mixed mode, tiered, compressed oops, g1 gc, windows-amd64)
# No core dump will be written. Minidumps are not enabled by default on client versions of Windows
#

---------------  S U M M A R Y ------------

Command Line: --add-opens=java.base/java.util=ALL-UNNAMED --add-opens=java.base/java.lang=ALL-UNNAMED --add-opens=java.base/java.lang.invoke=ALL-UNNAMED --add-opens=java.base/java.util=ALL-UNNAMED --add-opens=java.prefs/java.util.prefs=ALL-UNNAMED --add-opens=java.prefs/java.util.prefs=ALL-UNNAMED --add-opens=java.base/java.nio.charset=ALL-UNNAMED --add-opens=java.base/java.net=ALL-UNNAMED --add-opens=java.base/java.util.concurrent.atomic=ALL-UNNAMED -Xmx2048m -Dfile.encoding=UTF-8 -Duser.country=RU -Duser.language=ru -Duser.variant org.gradle.launcher.daemon.bootstrap.GradleDaemon 7.2

Host: Intel(R) Core(TM) i5-4690 CPU @ 3.50GHz, 4 cores, 7G,  Windows 10 , 64 bit Build 19041 (10.0.19041.1566)
Time: Sat Apr  9 13:17:26 2022 Финляндия (лето) elapsed time: 3066.310243 seconds (0d 0h 51m 6s)

---------------  T H R E A D  ---------------

Current thread (0x000001f9c31b0000):  JavaThread "C2 CompilerThread1" daemon [_thread_in_native, id=5244, stack(0x0000007595800000,0x0000007595900000)]


Current CompileTask:
C2:3066310 16928 % !   4       org.apache.xerces.impl.XMLDocumentFragmentScannerImpl$FragmentContentDispatcher::dispatch @ 0 (1128 bytes)

Stack: [0x0000007595800000,0x0000007595900000]
Native frames: (J=compiled Java code, j=interpreted, Vv=VM code, C=native code)
V  [jvm.dll+0x5f214a]
V  [jvm.dll+0x726fb5]
V  [jvm.dll+0x7285cd]
V  [jvm.dll+0x728c83]
V  [jvm.dll+0x243278]
V  [jvm.dll+0xbc53c]
V  [jvm.dll+0xbca3c]
V  [jvm.dll+0x2b5c34]
V  [jvm.dll+0x508488]
V  [jvm.dll+0x203d53]
V  [jvm.dll+0x1fdbac]
V  [jvm.dll+0x1fb35f]
V  [jvm.dll+0x183d6c]
V  [jvm.dll+0x209a57]
V  [jvm.dll+0x2082a1]
V  [jvm.dll+0x6ef58f]
V  [jvm.dll+0x6e80b5]
V  [jvm.dll+0x5f1036]
C  [ucrtbase.dll+0x21bb2]
C  [KERNEL32.DLL+0x17034]
C  [ntdll.dll+0x52651]


---------------  P R O C E S S  ---------------

Threads class SMR info:
_java_thread_list=0x000001f9b953a000, length=91, elements={
0x000001f99aaed000, 0x000001f9b4dfd800, 0x000001f9b4dff000, 0x000001f9b4e1d000,
0x000001f9b4e1f000, 0x000001f9b4e20800, 0x000001f9b4e25000, 0x000001f9b4e2b000,
0x000001f9b4e2e800, 0x000001f9b58fd800, 0x000001f9b6a0e800, 0x000001f9b678e800,
0x000001f9b6c6a800, 0x000001f9b7840000, 0x000001f9b7846000, 0x000001f9b7843800,
0x000001f9b7841800, 0x000001f9b7845000, 0x000001f9b7846800, 0x000001f9b7841000,
0x000001f9b967d000, 0x000001f9b9678800, 0x000001f9b9679800, 0x000001f9b967e800,
0x000001f9bb1f5800, 0x000001f9bb1f0800, 0x000001f9b78f2000, 0x000001f9b78f1000,
0x000001f9b78ed800, 0x000001f9b78ee800, 0x000001f9b78f0000, 0x000001f9b78ec000,
0x000001f9b78f3800, 0x000001f9b78f8800, 0x000001f9b78f5000, 0x000001f9b78f2800,
0x000001f9b78f6000, 0x000001f9b78f6800, 0x000001f9b78f7800, 0x000001f9b78f9000,
0x000001f9b78f4000, 0x000001f9b78fa800, 0x000001f9bb1e9000, 0x000001f9bb1e6800,
0x000001f9bb1ea000, 0x000001f9bb1eb800, 0x000001f9bb1ec800, 0x000001f9bb1ea800,
0x000001f9bb1ed000, 0x000001f9bb1e8800, 0x000001f9bb1e7800, 0x000001f9bb1f1800,
0x000001f9bb1f2000, 0x000001f9bb1ee000, 0x000001f9bb1f3000, 0x000001f9bb1f3800,
0x000001f9bb1f4800, 0x000001f9bb1ef000, 0x000001f9b967c000, 0x000001f9b967f000,
0x000001f9b967d800, 0x000001f9b967a800, 0x000001f9b9681800, 0x000001f9b9684000,
0x000001f9b9685800, 0x000001f9b9686800, 0x000001f9b9682800, 0x000001f9b9685000,
0x000001f9b7842800, 0x000001f9b7844000, 0x000001f9bcef4800, 0x000001f9bcef1800,
0x000001f9bcef4000, 0x000001f9bcef3000, 0x000001f9bcef5800, 0x000001f9bceef800,
0x000001f9bcef6800, 0x000001f9bcef0800, 0x000001f9bcef7000, 0x000001f9bcef8000,
0x000001f9bcef2000, 0x000001f9bcefa800, 0x000001f9bcefd000, 0x000001f9bcefd800,
0x000001f9bcefe800, 0x000001f9bcefb000, 0x000001f9bcefc000, 0x000001f9bcef8800,
0x000001f9b78fa000, 0x000001f9c31ae000, 0x000001f9c31b0000
}

Java Threads: ( => current thread )
  0x000001f99aaed000 JavaThread "main" [_thread_blocked, id=5964, stack(0x0000007592f00000,0x0000007593000000)]
  0x000001f9b4dfd800 JavaThread "Reference Handler" daemon [_thread_blocked, id=4336, stack(0x0000007593600000,0x0000007593700000)]
  0x000001f9b4dff000 JavaThread "Finalizer" daemon [_thread_blocked, id=7056, stack(0x0000007593700000,0x0000007593800000)]
  0x000001f9b4e1d000 JavaThread "Signal Dispatcher" daemon [_thread_blocked, id=9720, stack(0x0000007593800000,0x0000007593900000)]
  0x000001f9b4e1f000 JavaThread "Attach Listener" daemon [_thread_blocked, id=10464, stack(0x0000007593900000,0x0000007593a00000)]
  0x000001f9b4e20800 JavaThread "Service Thread" daemon [_thread_blocked, id=10356, stack(0x0000007593a00000,0x0000007593b00000)]
  0x000001f9b4e25000 JavaThread "C2 CompilerThread0" daemon [_thread_blocked, id=9408, stack(0x0000007593b00000,0x0000007593c00000)]
  0x000001f9b4e2b000 JavaThread "C1 CompilerThread0" daemon [_thread_blocked, id=12392, stack(0x0000007593c00000,0x0000007593d00000)]
  0x000001f9b4e2e800 JavaThread "Sweeper thread" daemon [_thread_blocked, id=6364, stack(0x0000007593d00000,0x0000007593e00000)]
  0x000001f9b58fd800 JavaThread "Common-Cleaner" daemon [_thread_blocked, id=10976, stack(0x0000007593e00000,0x0000007593f00000)]
  0x000001f9b6a0e800 JavaThread "Daemon health stats" [_thread_blocked, id=11176, stack(0x0000007594300000,0x0000007594400000)]
  0x000001f9b678e800 JavaThread "Incoming local TCP Connector on port 51895" [_thread_in_native, id=4528, stack(0x0000007594400000,0x0000007594500000)]
  0x000001f9b6c6a800 JavaThread "Daemon periodic checks" [_thread_blocked, id=8576, stack(0x0000007594500000,0x0000007594600000)]
  0x000001f9b7840000 JavaThread "Cache worker for journal cache (C:\Users\Vik\.gradle\caches\journal-1)" [_thread_blocked, id=12880, stack(0x0000007594e00000,0x0000007594f00000)]
  0x000001f9b7846000 JavaThread "File lock request listener" [_thread_in_native, id=7412, stack(0x0000007594f00000,0x0000007595000000)]
  0x000001f9b7843800 JavaThread "Cache worker for file hash cache (C:\Users\Vik\.gradle\caches\7.2\fileHashes)" [_thread_blocked, id=7532, stack(0x0000007595000000,0x0000007595100000)]
  0x000001f9b7841800 JavaThread "File watcher server" daemon [_thread_in_native, id=2880, stack(0x0000007595200000,0x0000007595300000)]
  0x000001f9b7845000 JavaThread "File watcher consumer" daemon [_thread_blocked, id=6036, stack(0x0000007595300000,0x0000007595400000)]
  0x000001f9b7846800 JavaThread "jar transforms" [_thread_blocked, id=9832, stack(0x0000007595400000,0x0000007595500000)]
  0x000001f9b7841000 JavaThread "jar transforms Thread 2" [_thread_blocked, id=2180, stack(0x0000007595500000,0x0000007595600000)]
  0x000001f9b967d000 JavaThread "jar transforms Thread 3" [_thread_blocked, id=9828, stack(0x0000007595600000,0x0000007595700000)]
  0x000001f9b9678800 JavaThread "jar transforms Thread 4" [_thread_blocked, id=9988, stack(0x0000007595700000,0x0000007595800000)]
  0x000001f9b9679800 JavaThread "Cache worker for execution history cache (C:\Users\Vik\.gradle\caches\7.2\executionHistory)" [_thread_blocked, id=4344, stack(0x0000007595b00000,0x0000007595c00000)]
  0x000001f9b967e800 JavaThread "Cache worker for file content cache (C:\Users\Vik\.gradle\caches\7.2\fileContent)" [_thread_blocked, id=10604, stack(0x0000007595c00000,0x0000007595d00000)]
  0x000001f9bb1f5800 JavaThread "Memory manager" [_thread_blocked, id=9876, stack(0x0000007598700000,0x0000007598800000)]
  0x000001f9bb1f0800 JavaThread "pool-3-thread-1" [_thread_blocked, id=4324, stack(0x0000007598800000,0x0000007598900000)]
  0x000001f9b78f2000 JavaThread "Daemon Thread 2" [_thread_blocked, id=13216, stack(0x0000007592c00000,0x0000007592d00000)]
  0x000001f9b78f1000 JavaThread "Handler for socket connection from /127.0.0.1:51895 to /127.0.0.1:58497" [_thread_in_native, id=2956, stack(0x0000007592d00000,0x0000007592e00000)]
  0x000001f9b78ed800 JavaThread "Cancel handler" [_thread_blocked, id=10188, stack(0x0000007592e00000,0x0000007592f00000)]
  0x000001f9b78ee800 JavaThread "Daemon worker Thread 2" [_thread_blocked, id=3008, stack(0x0000007594000000,0x0000007594100000)]
  0x000001f9b78f0000 JavaThread "Asynchronous log dispatcher for DefaultDaemonConnection: socket connection from /127.0.0.1:51895 to /127.0.0.1:58497" [_thread_blocked, id=2076, stack(0x0000007594600000,0x0000007594700000)]
  0x000001f9b78ec000 JavaThread "Stdin handler" [_thread_blocked, id=8000, stack(0x0000007594700000,0x0000007594800000)]
  0x000001f9b78f3800 JavaThread "Daemon client event forwarder" [_thread_blocked, id=11124, stack(0x0000007594800000,0x0000007594900000)]
  0x000001f9b78f8800 JavaThread "Cache worker for file hash cache (D:\AndroidStudioProjects\Android-2022\Android-1\Lesson-1\MyFragmentsLessons\.gradle\7.2\fileHashes)" [_thread_in_native, id=3672, stack(0x0000007594900000,0x0000007594a00000)]
  0x000001f9b78f5000 JavaThread "Cache worker for checksums cache (D:\AndroidStudioProjects\Android-2022\Android-1\Lesson-1\MyFragmentsLessons\.gradle\checksums)" [_thread_blocked, id=2400, stack(0x0000007594a00000,0x0000007594b00000)]
  0x000001f9b78f2800 JavaThread "Cache worker for cache directory md-supplier (C:\Users\Vik\.gradle\caches\7.2\md-supplier)" [_thread_blocked, id=9260, stack(0x0000007594b00000,0x0000007594c00000)]
  0x000001f9b78f6000 JavaThread "Cache worker for cache directory md-rule (C:\Users\Vik\.gradle\caches\7.2\md-rule)" [_thread_blocked, id=10684, stack(0x0000007594c00000,0x0000007594d00000)]
  0x000001f9b78f6800 JavaThread "Cache worker for dependencies-accessors (D:\AndroidStudioProjects\Android-2022\Android-1\Lesson-1\MyFragmentsLessons\.gradle\7.2\dependencies-accessors)" [_thread_blocked, id=8312, stack(0x0000007595100000,0x0000007595200000)]
  0x000001f9b78f7800 JavaThread "Cache worker for Build Output Cleanup Cache (D:\AndroidStudioProjects\Android-2022\Android-1\Lesson-1\MyFragmentsLessons\.gradle\buildOutputCleanup)" [_thread_in_native, id=10656, stack(0x0000007595900000,0x0000007595a00000)]
  0x000001f9b78f9000 JavaThread "Unconstrained build operations" [_thread_blocked, id=9304, stack(0x0000007595a00000,0x0000007595b00000)]
  0x000001f9b78f4000 JavaThread "Unconstrained build operations Thread 2" [_thread_blocked, id=5184, stack(0x0000007595d00000,0x0000007595e00000)]
  0x000001f9b78fa800 JavaThread "Unconstrained build operations Thread 3" [_thread_blocked, id=9228, stack(0x0000007595e00000,0x0000007595f00000)]
  0x000001f9bb1e9000 JavaThread "Unconstrained build operations Thread 4" [_thread_blocked, id=744, stack(0x0000007595f00000,0x0000007596000000)]
  0x000001f9bb1e6800 JavaThread "Unconstrained build operations Thread 5" [_thread_blocked, id=2920, stack(0x0000007596000000,0x0000007596100000)]
  0x000001f9bb1ea000 JavaThread "Unconstrained build operations Thread 6" [_thread_blocked, id=9460, stack(0x0000007596100000,0x0000007596200000)]
  0x000001f9bb1eb800 JavaThread "Unconstrained build operations Thread 7" [_thread_blocked, id=1364, stack(0x0000007596200000,0x0000007596300000)]
  0x000001f9bb1ec800 JavaThread "Unconstrained build operations Thread 8" [_thread_blocked, id=7996, stack(0x0000007596300000,0x0000007596400000)]
  0x000001f9bb1ea800 JavaThread "Unconstrained build operations Thread 9" [_thread_blocked, id=11076, stack(0x0000007596400000,0x0000007596500000)]
  0x000001f9bb1ed000 JavaThread "Unconstrained build operations Thread 10" [_thread_blocked, id=11396, stack(0x0000007596500000,0x0000007596600000)]
  0x000001f9bb1e8800 JavaThread "Unconstrained build operations Thread 11" [_thread_blocked, id=11928, stack(0x0000007596600000,0x0000007596700000)]
  0x000001f9bb1e7800 JavaThread "Unconstrained build operations Thread 12" [_thread_blocked, id=7252, stack(0x0000007596700000,0x0000007596800000)]
  0x000001f9bb1f1800 JavaThread "Unconstrained build operations Thread 13" [_thread_blocked, id=7296, stack(0x0000007596800000,0x0000007596900000)]
  0x000001f9bb1f2000 JavaThread "Unconstrained build operations Thread 14" [_thread_blocked, id=4644, stack(0x0000007596900000,0x0000007596a00000)]
  0x000001f9bb1ee000 JavaThread "Unconstrained build operations Thread 15" [_thread_blocked, id=5460, stack(0x0000007596a00000,0x0000007596b00000)]
  0x000001f9bb1f3000 JavaThread "Unconstrained build operations Thread 16" [_thread_blocked, id=6004, stack(0x0000007596b00000,0x0000007596c00000)]
  0x000001f9bb1f3800 JavaThread "Unconstrained build operations Thread 17" [_thread_blocked, id=7136, stack(0x0000007596c00000,0x0000007596d00000)]
  0x000001f9bb1f4800 JavaThread "Unconstrained build operations Thread 18" [_thread_blocked, id=5896, stack(0x0000007596d00000,0x0000007596e00000)]
  0x000001f9bb1ef000 JavaThread "Unconstrained build operations Thread 19" [_thread_blocked, id=12232, stack(0x0000007596e00000,0x0000007596f00000)]
  0x000001f9b967c000 JavaThread "Unconstrained build operations Thread 20" [_thread_blocked, id=11508, stack(0x0000007596f00000,0x0000007597000000)]
  0x000001f9b967f000 JavaThread "Unconstrained build operations Thread 21" [_thread_blocked, id=13268, stack(0x0000007597000000,0x0000007597100000)]
  0x000001f9b967d800 JavaThread "Unconstrained build operations Thread 22" [_thread_blocked, id=9812, stack(0x0000007597100000,0x0000007597200000)]
  0x000001f9b967a800 JavaThread "Unconstrained build operations Thread 23" [_thread_blocked, id=12916, stack(0x0000007597200000,0x0000007597300000)]
  0x000001f9b9681800 JavaThread "Unconstrained build operations Thread 24" [_thread_blocked, id=5728, stack(0x0000007597300000,0x0000007597400000)]
  0x000001f9b9684000 JavaThread "Unconstrained build operations Thread 25" [_thread_blocked, id=8932, stack(0x0000007597400000,0x0000007597500000)]
  0x000001f9b9685800 JavaThread "Unconstrained build operations Thread 26" [_thread_blocked, id=4124, stack(0x0000007597500000,0x0000007597600000)]
  0x000001f9b9686800 JavaThread "Unconstrained build operations Thread 27" [_thread_blocked, id=2276, stack(0x0000007597600000,0x0000007597700000)]
  0x000001f9b9682800 JavaThread "Unconstrained build operations Thread 28" [_thread_blocked, id=13228, stack(0x0000007597700000,0x0000007597800000)]
  0x000001f9b9685000 JavaThread "Unconstrained build operations Thread 29" [_thread_blocked, id=11492, stack(0x0000007597800000,0x0000007597900000)]
  0x000001f9b7842800 JavaThread "Unconstrained build operations Thread 30" [_thread_blocked, id=13220, stack(0x0000007597900000,0x0000007597a00000)]
  0x000001f9b7844000 JavaThread "Unconstrained build operations Thread 31" [_thread_blocked, id=9360, stack(0x0000007597a00000,0x0000007597b00000)]
  0x000001f9bcef4800 JavaThread "Unconstrained build operations Thread 32" [_thread_blocked, id=6520, stack(0x0000007597b00000,0x0000007597c00000)]
  0x000001f9bcef1800 JavaThread "Unconstrained build operations Thread 33" [_thread_blocked, id=11660, stack(0x0000007597c00000,0x0000007597d00000)]
  0x000001f9bcef4000 JavaThread "Unconstrained build operations Thread 34" [_thread_blocked, id=13232, stack(0x0000007597d00000,0x0000007597e00000)]
  0x000001f9bcef3000 JavaThread "Unconstrained build operations Thread 35" [_thread_blocked, id=2144, stack(0x0000007597e00000,0x0000007597f00000)]
  0x000001f9bcef5800 JavaThread "Unconstrained build operations Thread 36" [_thread_blocked, id=10664, stack(0x0000007597f00000,0x0000007598000000)]
  0x000001f9bceef800 JavaThread "Unconstrained build operations Thread 37" [_thread_blocked, id=9508, stack(0x0000007598000000,0x0000007598100000)]
  0x000001f9bcef6800 JavaThread "Unconstrained build operations Thread 38" [_thread_blocked, id=12820, stack(0x0000007598100000,0x0000007598200000)]
  0x000001f9bcef0800 JavaThread "Unconstrained build operations Thread 39" [_thread_blocked, id=6256, stack(0x0000007598200000,0x0000007598300000)]
  0x000001f9bcef7000 JavaThread "Unconstrained build operations Thread 40" [_thread_blocked, id=12060, stack(0x0000007598300000,0x0000007598400000)]
  0x000001f9bcef8000 JavaThread "build event listener" [_thread_blocked, id=1812, stack(0x0000007598400000,0x0000007598500000)]
  0x000001f9bcef2000 JavaThread "pool-6-thread-1" [_thread_blocked, id=12528, stack(0x0000007598500000,0x0000007598600000)]
  0x000001f9bcefa800 JavaThread "build event listener" [_thread_blocked, id=4748, stack(0x0000007598600000,0x0000007598700000)]
  0x000001f9bcefd000 JavaThread "Execution worker for ':'" [_thread_blocked, id=6464, stack(0x0000007598900000,0x0000007598a00000)]
  0x000001f9bcefd800 JavaThread "Execution worker for ':' Thread 2" [_thread_blocked, id=6756, stack(0x0000007598a00000,0x0000007598b00000)]
  0x000001f9bcefe800 JavaThread "Execution worker for ':' Thread 3" [_thread_blocked, id=2712, stack(0x0000007598b00000,0x0000007598c00000)]
  0x000001f9bcefb000 JavaThread "Cache worker for execution history cache (D:\AndroidStudioProjects\Android-2022\Android-1\Lesson-1\MyFragmentsLessons\.gradle\7.2\executionHistory)" [_thread_in_native, id=8520, stack(0x0000007598c00000,0x0000007598d00000)]
  0x000001f9bcefc000 JavaThread "WorkerExecutor Queue" [_thread_blocked, id=8424, stack(0x0000007598d00000,0x0000007598e00000)]
  0x000001f9bcef8800 JavaThread "WorkerExecutor Queue Thread 2" [_thread_blocked, id=10420, stack(0x0000007598e00000,0x0000007598f00000)]
  0x000001f9b78fa000 JavaThread "WorkerExecutor Queue Thread 3" [_thread_blocked, id=10328, stack(0x0000007598f00000,0x0000007599000000)]
  0x000001f9c31ae000 JavaThread "WorkerExecutor Queue Thread 4" [_thread_blocked, id=10396, stack(0x0000007599000000,0x0000007599100000)]
=>0x000001f9c31b0000 JavaThread "C2 CompilerThread1" daemon [_thread_in_native, id=5244, stack(0x0000007595800000,0x0000007595900000)]

Other Threads:
  0x000001f9b4df7800 VMThread "VM Thread" [stack: 0x0000007593500000,0x0000007593600000] [id=7248]
  0x000001f9b5921800 WatcherThread [stack: 0x0000007593f00000,0x0000007594000000] [id=6220]
  0x000001f99ab06000 GCTaskThread "GC Thread#0" [stack: 0x0000007593000000,0x0000007593100000] [id=4752]
  0x000001f9b61f1000 GCTaskThread "GC Thread#1" [stack: 0x0000007594100000,0x0000007594200000] [id=9204]
  0x000001f9b5bdb800 GCTaskThread "GC Thread#2" [stack: 0x0000007594200000,0x0000007594300000] [id=2104]
  0x000001f9b860b000 GCTaskThread "GC Thread#3" [stack: 0x0000007594d00000,0x0000007594e00000] [id=2780]
  0x000001f99ab37000 ConcurrentGCThread "G1 Main Marker" [stack: 0x0000007593100000,0x0000007593200000] [id=9688]
  0x000001f99ab39800 ConcurrentGCThread "G1 Conc#0" [stack: 0x0000007593200000,0x0000007593300000] [id=12492]
  0x000001f99abc8000 ConcurrentGCThread "G1 Refine#0" [stack: 0x0000007593300000,0x0000007593400000] [id=11792]
  0x000001f99abc9000 ConcurrentGCThread "G1 Young RemSet Sampling" [stack: 0x0000007593400000,0x0000007593500000] [id=5504]

Threads with active compile tasks:
C2 CompilerThread13066327 16928 % !   4       org.apache.xerces.impl.XMLDocumentFragmentScannerImpl$FragmentContentDispatcher::dispatch @ 0 (1128 bytes)

VM state:not at safepoint (normal execution)

VM Mutex/Monitor currently owned by a thread: None

Heap address: 0x0000000080000000, size: 2048 MB, Compressed Oops mode: 32-bit
Narrow klass base: 0x0000000000000000, Narrow klass shift: 3
Compressed class space size: 1073741824 Address: 0x0000000100000000

Heap:
 garbage-first heap   total 227328K, used 166263K [0x0000000080000000, 0x0000000100000000)
  region size 1024K, 41 young (41984K), 2 survivors (2048K)
 Metaspace       used 121486K, capacity 124194K, committed 125252K, reserved 1159168K
  class space    used 14906K, capacity 15920K, committed 16256K, reserved 1048576K
Heap Regions: E=young(eden), S=young(survivor), O=old, HS=humongous(starts), HC=humongous(continues), CS=collection set, F=free, A=archive, TAMS=top-at-mark-start (previous, next)
|   0|0x0000000080000000, 0x0000000080100000, 0x0000000080100000|100%| O|  |TAMS 0x0000000080100000, 0x0000000080000000| Untracked 
|   1|0x0000000080100000, 0x0000000080200000, 0x0000000080200000|100%| O|  |TAMS 0x0000000080200000, 0x0000000080100000| Untracked 
|   2|0x0000000080200000, 0x0000000080300000, 0x0000000080300000|100%| O|  |TAMS 0x0000000080300000, 0x0000000080200000| Untracked 
|   3|0x0000000080300000, 0x0000000080400000, 0x0000000080400000|100%|HS|  |TAMS 0x0000000080400000, 0x0000000080300000| Complete 
|   4|0x0000000080400000, 0x0000000080500000, 0x0000000080500000|100%|HC|  |TAMS 0x0000000080500000, 0x0000000080400000| Complete 
|   5|0x0000000080500000, 0x0000000080600000, 0x0000000080600000|100%|HC|  |TAMS 0x0000000080600000, 0x0000000080500000| Complete 
|   6|0x0000000080600000, 0x0000000080700000, 0x0000000080700000|100%| O|  |TAMS 0x0000000080700000, 0x0000000080600000| Untracked 
|   7|0x0000000080700000, 0x0000000080800000, 0x0000000080800000|100%| O|  |TAMS 0x0000000080800000, 0x0000000080700000| Untracked 
|   8|0x0000000080800000, 0x0000000080900000, 0x0000000080900000|100%| O|  |TAMS 0x0000000080900000, 0x0000000080800000| Untracked 
|   9|0x0000000080900000, 0x0000000080a00000, 0x0000000080a00000|100%| O|  |TAMS 0x0000000080a00000, 0x0000000080900000| Untracked 
|  10|0x0000000080a00000, 0x0000000080b00000, 0x0000000080b00000|100%| O|  |TAMS 0x0000000080b00000, 0x0000000080a00000| Untracked 
|  11|0x0000000080b00000, 0x0000000080c00000, 0x0000000080c00000|100%| O|  |TAMS 0x0000000080c00000, 0x0000000080b00000| Untracked 
|  12|0x0000000080c00000, 0x0000000080d00000, 0x0000000080d00000|100%| O|  |TAMS 0x0000000080d00000, 0x0000000080c00000| Untracked 
|  13|0x0000000080d00000, 0x0000000080e00000, 0x0000000080e00000|100%| O|  |TAMS 0x0000000080e00000, 0x0000000080d00000| Untracked 
|  14|0x0000000080e00000, 0x0000000080f00000, 0x0000000080f00000|100%| O|  |TAMS 0x0000000080f00000, 0x0000000080e00000| Untracked 
|  15|0x0000000080f00000, 0x0000000081000000, 0x0000000081000000|100%| O|  |TAMS 0x0000000081000000, 0x0000000080f00000| Untracked 
|  16|0x0000000081000000, 0x0000000081100000, 0x0000000081100000|100%|HS|  |TAMS 0x0000000081100000, 0x0000000081000000| Complete 
|  17|0x0000000081100000, 0x0000000081200000, 0x0000000081200000|100%|HC|  |TAMS 0x0000000081200000, 0x0000000081100000| Complete 
|  18|0x0000000081200000, 0x0000000081300000, 0x0000000081300000|100%|HS|  |TAMS 0x0000000081300000, 0x0000000081200000| Complete 
|  19|0x0000000081300000, 0x0000000081400000, 0x0000000081400000|100%|HC|  |TAMS 0x0000000081400000, 0x0000000081300000| Complete 
|  20|0x0000000081400000, 0x0000000081500000, 0x0000000081500000|100%|HC|  |TAMS 0x0000000081500000, 0x0000000081400000| Complete 
|  21|0x0000000081500000, 0x0000000081600000, 0x0000000081600000|100%|HS|  |TAMS 0x0000000081600000, 0x0000000081500000| Complete 
|  22|0x0000000081600000, 0x0000000081700000, 0x0000000081700000|100%|HC|  |TAMS 0x0000000081700000, 0x0000000081600000| Complete 
|  23|0x0000000081700000, 0x0000000081800000, 0x0000000081800000|100%|HC|  |TAMS 0x0000000081800000, 0x0000000081700000| Complete 
|  24|0x0000000081800000, 0x0000000081900000, 0x0000000081900000|100%|HC|  |TAMS 0x0000000081900000, 0x0000000081800000| Complete 
|  25|0x0000000081900000, 0x0000000081a00000, 0x0000000081a00000|100%| O|  |TAMS 0x0000000081a00000, 0x0000000081900000| Untracked 
|  26|0x0000000081a00000, 0x0000000081b00000, 0x0000000081b00000|100%| O|  |TAMS 0x0000000081b00000, 0x0000000081a00000| Untracked 
|  27|0x0000000081b00000, 0x0000000081c00000, 0x0000000081c00000|100%| O|  |TAMS 0x0000000081c00000, 0x0000000081b00000| Untracked 
|  28|0x0000000081c00000, 0x0000000081d00000, 0x0000000081d00000|100%| O|  |TAMS 0x0000000081d00000, 0x0000000081c00000| Untracked 
|  29|0x0000000081d00000, 0x0000000081e00000, 0x0000000081e00000|100%|HS|  |TAMS 0x0000000081e00000, 0x0000000081d00000| Complete 
|  30|0x0000000081e00000, 0x0000000081f00000, 0x0000000081f00000|100%|HC|  |TAMS 0x0000000081f00000, 0x0000000081e00000| Complete 
|  31|0x0000000081f00000, 0x0000000082000000, 0x0000000082000000|100%|HC|  |TAMS 0x0000000082000000, 0x0000000081f00000| Complete 
|  32|0x0000000082000000, 0x0000000082100000, 0x0000000082100000|100%| O|  |TAMS 0x0000000082100000, 0x0000000082000000| Untracked 
|  33|0x0000000082100000, 0x0000000082200000, 0x0000000082200000|100%| O|  |TAMS 0x0000000082200000, 0x0000000082100000| Untracked 
|  34|0x0000000082200000, 0x0000000082300000, 0x0000000082300000|100%| O|  |TAMS 0x0000000082300000, 0x0000000082200000| Untracked 
|  35|0x0000000082300000, 0x0000000082400000, 0x0000000082400000|100%| O|  |TAMS 0x0000000082400000, 0x0000000082300000| Untracked 
|  36|0x0000000082400000, 0x0000000082500000, 0x0000000082500000|100%| O|  |TAMS 0x0000000082500000, 0x0000000082400000| Untracked 
|  37|0x0000000082500000, 0x0000000082600000, 0x0000000082600000|100%| O|  |TAMS 0x0000000082600000, 0x0000000082500000| Untracked 
|  38|0x0000000082600000, 0x0000000082700000, 0x0000000082700000|100%|HS|  |TAMS 0x0000000082700000, 0x0000000082600000| Complete 
|  39|0x0000000082700000, 0x0000000082800000, 0x0000000082800000|100%|HC|  |TAMS 0x0000000082800000, 0x0000000082700000| Complete 
|  40|0x0000000082800000, 0x0000000082900000, 0x0000000082900000|100%|HC|  |TAMS 0x0000000082900000, 0x0000000082800000| Complete 
|  41|0x0000000082900000, 0x0000000082a00000, 0x0000000082a00000|100%|HC|  |TAMS 0x0000000082a00000, 0x0000000082900000| Complete 
|  42|0x0000000082a00000, 0x0000000082b00000, 0x0000000082b00000|100%| O|  |TAMS 0x0000000082b00000, 0x0000000082a00000| Untracked 
|  43|0x0000000082b00000, 0x0000000082b00000, 0x0000000082c00000|  0%| F|  |TAMS 0x0000000082b00000, 0x0000000082b00000| Untracked 
|  44|0x0000000082c00000, 0x0000000082d00000, 0x0000000082d00000|100%| O|  |TAMS 0x0000000082d00000, 0x0000000082c00000| Untracked 
|  45|0x0000000082d00000, 0x0000000082e00000, 0x0000000082e00000|100%| O|  |TAMS 0x0000000082e00000, 0x0000000082d00000| Untracked 
|  46|0x0000000082e00000, 0x0000000082f00000, 0x0000000082f00000|100%| O|  |TAMS 0x0000000082f00000, 0x0000000082e00000| Untracked 
|  47|0x0000000082f00000, 0x0000000083000000, 0x0000000083000000|100%| O|  |TAMS 0x0000000083000000, 0x0000000082f00000| Untracked 
|  48|0x0000000083000000, 0x0000000083100000, 0x0000000083100000|100%| O|  |TAMS 0x0000000083100000, 0x0000000083000000| Untracked 
|  49|0x0000000083100000, 0x0000000083200000, 0x0000000083200000|100%| O|  |TAMS 0x0000000083200000, 0x0000000083100000| Untracked 
|  50|0x0000000083200000, 0x0000000083300000, 0x0000000083300000|100%| O|  |TAMS 0x0000000083300000, 0x0000000083200000| Untracked 
|  51|0x0000000083300000, 0x0000000083400000, 0x0000000083400000|100%| O|  |TAMS 0x0000000083400000, 0x0000000083300000| Untracked 
|  52|0x0000000083400000, 0x0000000083500000, 0x0000000083500000|100%| O|  |TAMS 0x0000000083500000, 0x0000000083400000| Untracked 
|  53|0x0000000083500000, 0x0000000083600000, 0x0000000083600000|100%| O|  |TAMS 0x00000000835ea200, 0x0000000083500000| Untracked 
|  54|0x0000000083600000, 0x0000000083700000, 0x0000000083700000|100%| O|  |TAMS 0x0000000083600000, 0x0000000083600000| Untracked 
|  55|0x0000000083700000, 0x0000000083800000, 0x0000000083800000|100%|HS|  |TAMS 0x0000000083800000, 0x0000000083700000| Complete 
|  56|0x0000000083800000, 0x0000000083900000, 0x0000000083900000|100%|HS|  |TAMS 0x0000000083900000, 0x0000000083800000| Complete 
|  57|0x0000000083900000, 0x0000000083a00000, 0x0000000083a00000|100%|HS|  |TAMS 0x0000000083a00000, 0x0000000083900000| Complete 
|  58|0x0000000083a00000, 0x0000000083b00000, 0x0000000083b00000|100%|HS|  |TAMS 0x0000000083b00000, 0x0000000083a00000| Complete 
|  59|0x0000000083b00000, 0x0000000083c00000, 0x0000000083c00000|100%|HC|  |TAMS 0x0000000083c00000, 0x0000000083b00000| Complete 
|  60|0x0000000083c00000, 0x0000000083d00000, 0x0000000083d00000|100%| O|  |TAMS 0x0000000083d00000, 0x0000000083c00000| Untracked 
|  61|0x0000000083d00000, 0x0000000083e00000, 0x0000000083e00000|100%| O|  |TAMS 0x0000000083e00000, 0x0000000083d00000| Untracked 
|  62|0x0000000083e00000, 0x0000000083f00000, 0x0000000083f00000|100%| O|  |TAMS 0x0000000083f00000, 0x0000000083e00000| Untracked 
|  63|0x0000000083f00000, 0x0000000084000000, 0x0000000084000000|100%| O|  |TAMS 0x0000000084000000, 0x0000000083f00000| Untracked 
|  64|0x0000000084000000, 0x0000000084100000, 0x0000000084100000|100%| O|  |TAMS 0x0000000084100000, 0x0000000084000000| Untracked 
|  65|0x0000000084100000, 0x0000000084200000, 0x0000000084200000|100%| O|  |TAMS 0x0000000084200000, 0x0000000084100000| Untracked 
|  66|0x0000000084200000, 0x0000000084300000, 0x0000000084300000|100%| O|  |TAMS 0x0000000084300000, 0x0000000084200000| Untracked 
|  67|0x0000000084300000, 0x0000000084400000, 0x0000000084400000|100%| O|  |TAMS 0x0000000084400000, 0x0000000084300000| Untracked 
|  68|0x0000000084400000, 0x000000008443b800, 0x0000000084500000| 23%| O|  |TAMS 0x0000000084400000, 0x0000000084400000| Untracked 
|  69|0x0000000084500000, 0x0000000084600000, 0x0000000084600000|100%| O|  |TAMS 0x0000000084600000, 0x0000000084500000| Untracked 
|  70|0x0000000084600000, 0x0000000084700000, 0x0000000084700000|100%| O|  |TAMS 0x0000000084700000, 0x0000000084600000| Untracked 
|  71|0x0000000084700000, 0x0000000084800000, 0x0000000084800000|100%| O|  |TAMS 0x0000000084800000, 0x0000000084700000| Untracked 
|  72|0x0000000084800000, 0x0000000084900000, 0x0000000084900000|100%|HS|  |TAMS 0x0000000084900000, 0x0000000084800000| Complete 
|  73|0x0000000084900000, 0x0000000084a00000, 0x0000000084a00000|100%|HC|  |TAMS 0x0000000084a00000, 0x0000000084900000| Complete 
|  74|0x0000000084a00000, 0x0000000084b00000, 0x0000000084b00000|100%|HS|  |TAMS 0x0000000084b00000, 0x0000000084a00000| Complete 
|  75|0x0000000084b00000, 0x0000000084c00000, 0x0000000084c00000|100%|HC|  |TAMS 0x0000000084c00000, 0x0000000084b00000| Complete 
|  76|0x0000000084c00000, 0x0000000084d00000, 0x0000000084d00000|100%|HC|  |TAMS 0x0000000084d00000, 0x0000000084c00000| Complete 
|  77|0x0000000084d00000, 0x0000000084e00000, 0x0000000084e00000|100%|HS|  |TAMS 0x0000000084e00000, 0x0000000084d00000| Complete 
|  78|0x0000000084e00000, 0x0000000084f00000, 0x0000000084f00000|100%|HC|  |TAMS 0x0000000084f00000, 0x0000000084e00000| Complete 
|  79|0x0000000084f00000, 0x0000000085000000, 0x0000000085000000|100%|HC|  |TAMS 0x0000000085000000, 0x0000000084f00000| Complete 
|  80|0x0000000085000000, 0x0000000085100000, 0x0000000085100000|100%|HC|  |TAMS 0x0000000085100000, 0x0000000085000000| Complete 
|  81|0x0000000085100000, 0x0000000085200000, 0x0000000085200000|100%| O|  |TAMS 0x0000000085200000, 0x0000000085100000| Untracked 
|  82|0x0000000085200000, 0x0000000085300000, 0x0000000085300000|100%| O|  |TAMS 0x0000000085200000, 0x0000000085200000| Untracked 
|  83|0x0000000085300000, 0x0000000085400000, 0x0000000085400000|100%| O|  |TAMS 0x0000000085300000, 0x0000000085300000| Untracked 
|  84|0x0000000085400000, 0x0000000085500000, 0x0000000085500000|100%| O|  |TAMS 0x0000000085400000, 0x0000000085400000| Untracked 
|  85|0x0000000085500000, 0x0000000085600000, 0x0000000085600000|100%| O|  |TAMS 0x0000000085600000, 0x0000000085500000| Untracked 
|  86|0x0000000085600000, 0x0000000085600000, 0x0000000085700000|  0%| F|  |TAMS 0x0000000085600000, 0x0000000085600000| Untracked 
|  87|0x0000000085700000, 0x0000000085800000, 0x0000000085800000|100%| O|  |TAMS 0x0000000085800000, 0x0000000085700000| Untracked 
|  88|0x0000000085800000, 0x0000000085900000, 0x0000000085900000|100%| O|  |TAMS 0x0000000085800000, 0x0000000085800000| Untracked 
|  89|0x0000000085900000, 0x0000000085a00000, 0x0000000085a00000|100%| O|  |TAMS 0x0000000085900000, 0x0000000085900000| Untracked 
|  90|0x0000000085a00000, 0x0000000085b00000, 0x0000000085b00000|100%| O|  |TAMS 0x0000000085b00000, 0x0000000085a00000| Untracked 
|  91|0x0000000085b00000, 0x0000000085c00000, 0x0000000085c00000|100%| O|  |TAMS 0x0000000085c00000, 0x0000000085b00000| Untracked 
|  92|0x0000000085c00000, 0x0000000085d00000, 0x0000000085d00000|100%| O|  |TAMS 0x0000000085d00000, 0x0000000085c00000| Untracked 
|  93|0x0000000085d00000, 0x0000000085d00000, 0x0000000085e00000|  0%| F|  |TAMS 0x0000000085d00000, 0x0000000085d00000| Untracked 
|  94|0x0000000085e00000, 0x0000000085f00000, 0x0000000085f00000|100%| O|  |TAMS 0x0000000085f00000, 0x0000000085e00000| Untracked 
|  95|0x0000000085f00000, 0x0000000086000000, 0x0000000086000000|100%| O|  |TAMS 0x0000000086000000, 0x0000000085f00000| Untracked 
|  96|0x0000000086000000, 0x0000000086100000, 0x0000000086100000|100%| O|  |TAMS 0x0000000086100000, 0x0000000086000000| Untracked 
|  97|0x0000000086100000, 0x0000000086200000, 0x0000000086200000|100%| O|  |TAMS 0x0000000086200000, 0x0000000086100000| Untracked 
|  98|0x0000000086200000, 0x0000000086300000, 0x0000000086300000|100%| O|  |TAMS 0x0000000086300000, 0x0000000086200000| Untracked 
|  99|0x0000000086300000, 0x0000000086400000, 0x0000000086400000|100%| O|  |TAMS 0x0000000086400000, 0x0000000086300000| Untracked 
| 100|0x0000000086400000, 0x0000000086500000, 0x0000000086500000|100%| O|  |TAMS 0x0000000086500000, 0x0000000086400000| Untracked 
| 101|0x0000000086500000, 0x0000000086600000, 0x0000000086600000|100%| O|  |TAMS 0x0000000086600000, 0x0000000086500000| Untracked 
| 102|0x0000000086600000, 0x0000000086700000, 0x0000000086700000|100%| O|  |TAMS 0x0000000086700000, 0x0000000086600000| Untracked 
| 103|0x0000000086700000, 0x0000000086800000, 0x0000000086800000|100%| O|  |TAMS 0x0000000086800000, 0x0000000086700000| Untracked 
| 104|0x0000000086800000, 0x0000000086900000, 0x0000000086900000|100%| O|  |TAMS 0x0000000086900000, 0x0000000086800000| Untracked 
| 105|0x0000000086900000, 0x0000000086a00000, 0x0000000086a00000|100%| O|  |TAMS 0x0000000086900000, 0x0000000086900000| Untracked 
| 106|0x0000000086a00000, 0x0000000086b00000, 0x0000000086b00000|100%| O|  |TAMS 0x0000000086b00000, 0x0000000086a00000| Untracked 
| 107|0x0000000086b00000, 0x0000000086c00000, 0x0000000086c00000|100%| O|  |TAMS 0x0000000086c00000, 0x0000000086b00000| Untracked 
| 108|0x0000000086c00000, 0x0000000086d00000, 0x0000000086d00000|100%| O|  |TAMS 0x0000000086c00000, 0x0000000086c00000| Untracked 
| 109|0x0000000086d00000, 0x0000000086e00000, 0x0000000086e00000|100%| O|  |TAMS 0x0000000086d00000, 0x0000000086d00000| Untracked 
| 110|0x0000000086e00000, 0x0000000086f00000, 0x0000000086f00000|100%| O|  |TAMS 0x0000000086f00000, 0x0000000086e00000| Untracked 
| 111|0x0000000086f00000, 0x0000000087000000, 0x0000000087000000|100%| O|  |TAMS 0x0000000087000000, 0x0000000086f00000| Untracked 
| 112|0x0000000087000000, 0x0000000087100000, 0x0000000087100000|100%| O|  |TAMS 0x0000000087100000, 0x0000000087000000| Untracked 
| 113|0x0000000087100000, 0x0000000087200000, 0x0000000087200000|100%| O|  |TAMS 0x0000000087200000, 0x0000000087100000| Untracked 
| 114|0x0000000087200000, 0x0000000087300000, 0x0000000087300000|100%| O|  |TAMS 0x0000000087300000, 0x0000000087200000| Untracked 
| 115|0x0000000087300000, 0x0000000087400000, 0x0000000087400000|100%| O|  |TAMS 0x0000000087300000, 0x0000000087300000| Untracked 
| 116|0x0000000087400000, 0x0000000087500000, 0x0000000087500000|100%| O|  |TAMS 0x0000000087400000, 0x0000000087400000| Untracked 
| 117|0x0000000087500000, 0x0000000087600000, 0x0000000087600000|100%| O|  |TAMS 0x0000000087600000, 0x0000000087500000| Untracked 
| 118|0x0000000087600000, 0x0000000087600000, 0x0000000087700000|  0%| F|  |TAMS 0x0000000087600000, 0x0000000087600000| Untracked 
| 119|0x0000000087700000, 0x0000000087800000, 0x0000000087800000|100%| O|  |TAMS 0x0000000087800000, 0x0000000087700000| Untracked 
| 120|0x0000000087800000, 0x0000000087800000, 0x0000000087900000|  0%| F|  |TAMS 0x0000000087800000, 0x0000000087800000| Untracked 
| 121|0x0000000087900000, 0x0000000087900000, 0x0000000087a00000|  0%| F|  |TAMS 0x0000000087900000, 0x0000000087900000| Untracked 
| 122|0x0000000087a00000, 0x0000000087a00000, 0x0000000087b00000|  0%| F|  |TAMS 0x0000000087a00000, 0x0000000087a00000| Untracked 
| 123|0x0000000087b00000, 0x0000000087b00000, 0x0000000087c00000|  0%| F|  |TAMS 0x0000000087b00000, 0x0000000087b00000| Untracked 
| 124|0x0000000087c00000, 0x0000000087c00000, 0x0000000087d00000|  0%| F|  |TAMS 0x0000000087c00000, 0x0000000087c00000| Untracked 
| 125|0x0000000087d00000, 0x0000000087d00000, 0x0000000087e00000|  0%| F|  |TAMS 0x0000000087d00000, 0x0000000087d00000| Untracked 
| 126|0x0000000087e00000, 0x0000000087e00000, 0x0000000087f00000|  0%| F|  |TAMS 0x0000000087e00000, 0x0000000087e00000| Untracked 
| 127|0x0000000087f00000, 0x0000000087f00000, 0x0000000088000000|  0%| F|  |TAMS 0x0000000087f00000, 0x0000000087f00000| Untracked 
| 128|0x0000000088000000, 0x0000000088000000, 0x0000000088100000|  0%| F|  |TAMS 0x0000000088000000, 0x0000000088000000| Untracked 
| 129|0x0000000088100000, 0x0000000088200000, 0x0000000088200000|100%| O|  |TAMS 0x0000000088200000, 0x0000000088100000| Untracked 
| 130|0x0000000088200000, 0x0000000088300000, 0x0000000088300000|100%| O|  |TAMS 0x0000000088300000, 0x0000000088200000| Untracked 
| 131|0x0000000088300000, 0x0000000088400000, 0x0000000088400000|100%| O|  |TAMS 0x0000000088400000, 0x0000000088300000| Untracked 
| 132|0x0000000088400000, 0x0000000088400000, 0x0000000088500000|  0%| F|  |TAMS 0x0000000088400000, 0x0000000088400000| Untracked 
| 133|0x0000000088500000, 0x0000000088500000, 0x0000000088600000|  0%| F|  |TAMS 0x0000000088500000, 0x0000000088500000| Untracked 
| 134|0x0000000088600000, 0x0000000088600000, 0x0000000088700000|  0%| F|  |TAMS 0x0000000088600000, 0x0000000088600000| Untracked 
| 135|0x0000000088700000, 0x0000000088700000, 0x0000000088800000|  0%| F|  |TAMS 0x0000000088700000, 0x0000000088700000| Untracked 
| 136|0x0000000088800000, 0x0000000088800000, 0x0000000088900000|  0%| F|  |TAMS 0x0000000088800000, 0x0000000088800000| Untracked 
| 137|0x0000000088900000, 0x0000000088900000, 0x0000000088a00000|  0%| F|  |TAMS 0x0000000088900000, 0x0000000088900000| Untracked 
| 138|0x0000000088a00000, 0x0000000088a00000, 0x0000000088b00000|  0%| F|  |TAMS 0x0000000088a00000, 0x0000000088a00000| Untracked 
| 139|0x0000000088b00000, 0x0000000088b00000, 0x0000000088c00000|  0%| F|  |TAMS 0x0000000088b00000, 0x0000000088b00000| Untracked 
| 140|0x0000000088c00000, 0x0000000088c00000, 0x0000000088d00000|  0%| F|  |TAMS 0x0000000088c00000, 0x0000000088c00000| Untracked 
| 141|0x0000000088d00000, 0x0000000088d00000, 0x0000000088e00000|  0%| F|  |TAMS 0x0000000088d00000, 0x0000000088d00000| Untracked 
| 142|0x0000000088e00000, 0x0000000088e00000, 0x0000000088f00000|  0%| F|  |TAMS 0x0000000088e00000, 0x0000000088e00000| Untracked 
| 143|0x0000000088f00000, 0x0000000088f00000, 0x0000000089000000|  0%| F|  |TAMS 0x0000000088f00000, 0x0000000088f00000| Untracked 
| 144|0x0000000089000000, 0x0000000089100000, 0x0000000089100000|100%| O|  |TAMS 0x0000000089100000, 0x0000000089000000| Untracked 
| 145|0x0000000089100000, 0x0000000089200000, 0x0000000089200000|100%| O|  |TAMS 0x0000000089200000, 0x0000000089100000| Untracked 
| 146|0x0000000089200000, 0x0000000089300000, 0x0000000089300000|100%| O|  |TAMS 0x0000000089300000, 0x0000000089200000| Untracked 
| 147|0x0000000089300000, 0x0000000089400000, 0x0000000089400000|100%| O|  |TAMS 0x0000000089400000, 0x0000000089300000| Untracked 
| 148|0x0000000089400000, 0x0000000089500000, 0x0000000089500000|100%| O|  |TAMS 0x0000000089500000, 0x0000000089400000| Untracked 
| 149|0x0000000089500000, 0x0000000089600000, 0x0000000089600000|100%| O|  |TAMS 0x0000000089600000, 0x0000000089500000| Untracked 
| 150|0x0000000089600000, 0x0000000089600000, 0x0000000089700000|  0%| F|  |TAMS 0x0000000089600000, 0x0000000089600000| Untracked 
| 151|0x0000000089700000, 0x0000000089700000, 0x0000000089800000|  0%| F|  |TAMS 0x0000000089700000, 0x0000000089700000| Untracked 
| 152|0x0000000089800000, 0x0000000089800000, 0x0000000089900000|  0%| F|  |TAMS 0x0000000089800000, 0x0000000089800000| Untracked 
| 153|0x0000000089900000, 0x0000000089900000, 0x0000000089a00000|  0%| F|  |TAMS 0x0000000089900000, 0x0000000089900000| Untracked 
| 154|0x0000000089a00000, 0x0000000089a00000, 0x0000000089b00000|  0%| F|  |TAMS 0x0000000089a00000, 0x0000000089a00000| Untracked 
| 155|0x0000000089b00000, 0x0000000089b00000, 0x0000000089c00000|  0%| F|  |TAMS 0x0000000089b00000, 0x0000000089b00000| Untracked 
| 156|0x0000000089c00000, 0x0000000089c00000, 0x0000000089d00000|  0%| F|  |TAMS 0x0000000089c00000, 0x0000000089c00000| Untracked 
| 157|0x0000000089d00000, 0x0000000089d00000, 0x0000000089e00000|  0%| F|  |TAMS 0x0000000089d00000, 0x0000000089d00000| Untracked 
| 158|0x0000000089e00000, 0x0000000089e00000, 0x0000000089f00000|  0%| F|  |TAMS 0x0000000089e00000, 0x0000000089e00000| Untracked 
| 159|0x0000000089f00000, 0x0000000089f00000, 0x000000008a000000|  0%| F|  |TAMS 0x0000000089f00000, 0x0000000089f00000| Untracked 
| 160|0x000000008a000000, 0x000000008a000000, 0x000000008a100000|  0%| F|  |TAMS 0x000000008a000000, 0x000000008a000000| Untracked 
| 161|0x000000008a100000, 0x000000008a100000, 0x000000008a200000|  0%| F|  |TAMS 0x000000008a100000, 0x000000008a100000| Untracked 
| 162|0x000000008a200000, 0x000000008a200000, 0x000000008a300000|  0%| F|  |TAMS 0x000000008a200000, 0x000000008a200000| Untracked 
| 163|0x000000008a300000, 0x000000008a300000, 0x000000008a400000|  0%| F|  |TAMS 0x000000008a300000, 0x000000008a300000| Untracked 
| 164|0x000000008a400000, 0x000000008a400000, 0x000000008a500000|  0%| F|  |TAMS 0x000000008a400000, 0x000000008a400000| Untracked 
| 165|0x000000008a500000, 0x000000008a500000, 0x000000008a600000|  0%| F|  |TAMS 0x000000008a500000, 0x000000008a500000| Untracked 
| 166|0x000000008a600000, 0x000000008a600000, 0x000000008a700000|  0%| F|  |TAMS 0x000000008a600000, 0x000000008a600000| Untracked 
| 167|0x000000008a700000, 0x000000008a700000, 0x000000008a800000|  0%| F|  |TAMS 0x000000008a700000, 0x000000008a700000| Untracked 
| 168|0x000000008a800000, 0x000000008a800000, 0x000000008a900000|  0%| F|  |TAMS 0x000000008a800000, 0x000000008a800000| Untracked 
| 169|0x000000008a900000, 0x000000008a900000, 0x000000008aa00000|  0%| F|  |TAMS 0x000000008a900000, 0x000000008a900000| Untracked 
| 170|0x000000008aa00000, 0x000000008aa00000, 0x000000008ab00000|  0%| F|  |TAMS 0x000000008aa00000, 0x000000008aa00000| Untracked 
| 171|0x000000008ab00000, 0x000000008ab22428, 0x000000008ac00000| 13%| S|CS|TAMS 0x000000008ab00000, 0x000000008ab00000| Complete 
| 172|0x000000008ac00000, 0x000000008ad00000, 0x000000008ad00000|100%| S|CS|TAMS 0x000000008ac00000, 0x000000008ac00000| Complete 
| 173|0x000000008ad00000, 0x000000008ad00000, 0x000000008ae00000|  0%| F|  |TAMS 0x000000008ad00000, 0x000000008ad00000| Untracked 
| 174|0x000000008ae00000, 0x000000008ae00000, 0x000000008af00000|  0%| F|  |TAMS 0x000000008ae00000, 0x000000008ae00000| Untracked 
| 175|0x000000008af00000, 0x000000008af00000, 0x000000008b000000|  0%| F|  |TAMS 0x000000008af00000, 0x000000008af00000| Untracked 
| 176|0x000000008b000000, 0x000000008b000000, 0x000000008b100000|  0%| F|  |TAMS 0x000000008b000000, 0x000000008b000000| Untracked 
| 177|0x000000008b100000, 0x000000008b100000, 0x000000008b200000|  0%| F|  |TAMS 0x000000008b100000, 0x000000008b100000| Untracked 
| 178|0x000000008b200000, 0x000000008b200000, 0x000000008b300000|  0%| F|  |TAMS 0x000000008b200000, 0x000000008b200000| Untracked 
| 179|0x000000008b300000, 0x000000008b300000, 0x000000008b400000|  0%| F|  |TAMS 0x000000008b300000, 0x000000008b300000| Untracked 
| 180|0x000000008b400000, 0x000000008b400000, 0x000000008b500000|  0%| F|  |TAMS 0x000000008b400000, 0x000000008b400000| Untracked 
| 181|0x000000008b500000, 0x000000008b500000, 0x000000008b600000|  0%| F|  |TAMS 0x000000008b500000, 0x000000008b500000| Untracked 
| 182|0x000000008b600000, 0x000000008b600000, 0x000000008b700000|  0%| F|  |TAMS 0x000000008b600000, 0x000000008b600000| Untracked 
| 183|0x000000008b700000, 0x000000008b7f3f40, 0x000000008b800000| 95%| E|  |TAMS 0x000000008b700000, 0x000000008b700000| Complete 
| 184|0x000000008b800000, 0x000000008b900000, 0x000000008b900000|100%| E|CS|TAMS 0x000000008b800000, 0x000000008b800000| Complete 
| 185|0x000000008b900000, 0x000000008ba00000, 0x000000008ba00000|100%| E|CS|TAMS 0x000000008b900000, 0x000000008b900000| Complete 
| 186|0x000000008ba00000, 0x000000008bb00000, 0x000000008bb00000|100%| E|CS|TAMS 0x000000008ba00000, 0x000000008ba00000| Complete 
| 187|0x000000008bb00000, 0x000000008bc00000, 0x000000008bc00000|100%| E|CS|TAMS 0x000000008bb00000, 0x000000008bb00000| Complete 
| 188|0x000000008bc00000, 0x000000008bd00000, 0x000000008bd00000|100%| E|CS|TAMS 0x000000008bc00000, 0x000000008bc00000| Complete 
| 189|0x000000008bd00000, 0x000000008be00000, 0x000000008be00000|100%| E|CS|TAMS 0x000000008bd00000, 0x000000008bd00000| Complete 
| 190|0x000000008be00000, 0x000000008bf00000, 0x000000008bf00000|100%| E|CS|TAMS 0x000000008be00000, 0x000000008be00000| Complete 
| 191|0x000000008bf00000, 0x000000008c000000, 0x000000008c000000|100%| E|CS|TAMS 0x000000008bf00000, 0x000000008bf00000| Complete 
| 192|0x000000008c000000, 0x000000008c100000, 0x000000008c100000|100%| E|CS|TAMS 0x000000008c000000, 0x000000008c000000| Complete 
| 193|0x000000008c100000, 0x000000008c200000, 0x000000008c200000|100%| E|CS|TAMS 0x000000008c100000, 0x000000008c100000| Complete 
| 194|0x000000008c200000, 0x000000008c300000, 0x000000008c300000|100%| E|CS|TAMS 0x000000008c200000, 0x000000008c200000| Complete 
| 195|0x000000008c300000, 0x000000008c400000, 0x000000008c400000|100%| E|CS|TAMS 0x000000008c300000, 0x000000008c300000| Complete 
| 196|0x000000008c400000, 0x000000008c500000, 0x000000008c500000|100%| E|CS|TAMS 0x000000008c400000, 0x000000008c400000| Complete 
| 197|0x000000008c500000, 0x000000008c600000, 0x000000008c600000|100%| E|CS|TAMS 0x000000008c500000, 0x000000008c500000| Complete 
| 198|0x000000008c600000, 0x000000008c700000, 0x000000008c700000|100%| E|CS|TAMS 0x000000008c600000, 0x000000008c600000| Complete 
| 199|0x000000008c700000, 0x000000008c800000, 0x000000008c800000|100%| E|CS|TAMS 0x000000008c700000, 0x000000008c700000| Complete 
| 200|0x000000008c800000, 0x000000008c900000, 0x000000008c900000|100%| E|CS|TAMS 0x000000008c800000, 0x000000008c800000| Complete 
| 201|0x000000008c900000, 0x000000008ca00000, 0x000000008ca00000|100%| E|CS|TAMS 0x000000008c900000, 0x000000008c900000| Complete 
| 202|0x000000008ca00000, 0x000000008cb00000, 0x000000008cb00000|100%| E|CS|TAMS 0x000000008ca00000, 0x000000008ca00000| Complete 
| 203|0x000000008cb00000, 0x000000008cc00000, 0x000000008cc00000|100%| E|CS|TAMS 0x000000008cb00000, 0x000000008cb00000| Complete 
| 204|0x000000008cc00000, 0x000000008cd00000, 0x000000008cd00000|100%| E|CS|TAMS 0x000000008cc00000, 0x000000008cc00000| Complete 
| 205|0x000000008cd00000, 0x000000008ce00000, 0x000000008ce00000|100%| E|CS|TAMS 0x000000008cd00000, 0x000000008cd00000| Complete 
| 206|0x000000008ce00000, 0x000000008cf00000, 0x000000008cf00000|100%| E|CS|TAMS 0x000000008ce00000, 0x000000008ce00000| Complete 
| 207|0x000000008cf00000, 0x000000008d000000, 0x000000008d000000|100%| E|  |TAMS 0x000000008cf00000, 0x000000008cf00000| Complete 
| 208|0x000000008d000000, 0x000000008d100000, 0x000000008d100000|100%| E|CS|TAMS 0x000000008d000000, 0x000000008d000000| Complete 
| 209|0x000000008d100000, 0x000000008d200000, 0x000000008d200000|100%| E|CS|TAMS 0x000000008d100000, 0x000000008d100000| Complete 
| 210|0x000000008d200000, 0x000000008d300000, 0x000000008d300000|100%| E|CS|TAMS 0x000000008d200000, 0x000000008d200000| Complete 
| 211|0x000000008d300000, 0x000000008d400000, 0x000000008d400000|100%| E|CS|TAMS 0x000000008d300000, 0x000000008d300000| Complete 
| 212|0x000000008d400000, 0x000000008d500000, 0x000000008d500000|100%| E|CS|TAMS 0x000000008d400000, 0x000000008d400000| Complete 
| 213|0x000000008d500000, 0x000000008d600000, 0x000000008d600000|100%| E|CS|TAMS 0x000000008d500000, 0x000000008d500000| Complete 
| 214|0x000000008d600000, 0x000000008d700000, 0x000000008d700000|100%| E|CS|TAMS 0x000000008d600000, 0x000000008d600000| Complete 
| 215|0x000000008d700000, 0x000000008d800000, 0x000000008d800000|100%| E|CS|TAMS 0x000000008d700000, 0x000000008d700000| Complete 
| 216|0x000000008d800000, 0x000000008d900000, 0x000000008d900000|100%| E|CS|TAMS 0x000000008d800000, 0x000000008d800000| Complete 
| 217|0x000000008d900000, 0x000000008da00000, 0x000000008da00000|100%| E|CS|TAMS 0x000000008d900000, 0x000000008d900000| Complete 
| 218|0x000000008da00000, 0x000000008db00000, 0x000000008db00000|100%| E|CS|TAMS 0x000000008da00000, 0x000000008da00000| Complete 
| 219|0x000000008db00000, 0x000000008dc00000, 0x000000008dc00000|100%| E|CS|TAMS 0x000000008db00000, 0x000000008db00000| Complete 
| 220|0x000000008dc00000, 0x000000008dd00000, 0x000000008dd00000|100%| E|CS|TAMS 0x000000008dc00000, 0x000000008dc00000| Complete 
| 221|0x000000008dd00000, 0x000000008de00000, 0x000000008de00000|100%| E|CS|TAMS 0x000000008dd00000, 0x000000008dd00000| Complete 

Card table byte_map: [0x000001f9ae010000,0x000001f9ae410000] _byte_map_base: 0x000001f9adc10000

Marking Bits (Prev, Next): (CMBitMap*) 0x000001f99ab2e468, (CMBitMap*) 0x000001f99ab2e4a0
 Prev Bits: [0x000001f9ae810000, 0x000001f9b0810000)
 Next Bits: [0x000001f9b0810000, 0x000001f9b2810000)

Polling page: 0x000001f999050000

Metaspace:

Usage:
  Non-class:    105.74 MB capacity,   104.08 MB ( 98%) used,     1.34 MB (  1%) free+waste,   321.31 KB ( <1%) overhead. 
      Class:     15.55 MB capacity,    14.56 MB ( 94%) used,   872.16 KB (  5%) free+waste,   141.06 KB ( <1%) overhead. 
       Both:    121.28 MB capacity,   118.64 MB ( 98%) used,     2.19 MB (  2%) free+waste,   462.38 KB ( <1%) overhead. 

Virtual space:
  Non-class space:      108.00 MB reserved,     106.44 MB ( 99%) committed 
      Class space:        1.00 GB reserved,      15.88 MB (  2%) committed 
             Both:        1.11 GB reserved,     122.32 MB ( 11%) committed 

Chunk freelists:
   Non-Class:  722.00 KB
       Class:  304.00 KB
        Both:  1.00 MB

MaxMetaspaceSize: 17179869184.00 GB
CompressedClassSpaceSize: 1.00 GB

CodeHeap 'non-profiled nmethods': size=120064Kb used=10708Kb max_used=10708Kb free=109356Kb
 bounds [0x000001f9a60b0000, 0x000001f9a6b30000, 0x000001f9ad5f0000]
CodeHeap 'profiled nmethods': size=120000Kb used=37986Kb max_used=37986Kb free=82013Kb
 bounds [0x000001f99eb80000, 0x000001f9a10a0000, 0x000001f9a60b0000]
CodeHeap 'non-nmethods': size=5696Kb used=2349Kb max_used=2404Kb free=3346Kb
 bounds [0x000001f99e5f0000, 0x000001f99e860000, 0x000001f99eb80000]
 total_blobs=17794 nmethods=16828 adapters=877
 compilation: enabled
              stopped_count=0, restarted_count=0
 full_count=0

Compilation events (20 events):
Event: 3066.217 Thread 0x000001f9b4e25000 16927 %     4       com.android.utils.PositionXmlParser$DomBuilder::findOpeningTag @ 41 (131 bytes)
Event: 3066.220 Thread 0x000001f9b4e2b000 nmethod 16925 0x000001f9a108c290 code [0x000001f9a108cb20, 0x000001f9a1092778]
Event: 3066.220 Thread 0x000001f9c31b0000 nmethod 16924 0x000001f9a6b21290 code [0x000001f9a6b21460, 0x000001f9a6b21758]
Event: 3066.220 Thread 0x000001f9b4e2b000 16926       3       org.apache.xerces.impl.XMLEntityScanner::setEncoding (247 bytes)
Event: 3066.220 Thread 0x000001f9c31b0000 16928 % !   4       org.apache.xerces.impl.XMLDocumentFragmentScannerImpl$FragmentContentDispatcher::dispatch @ 0 (1128 bytes)
Event: 3066.221 Thread 0x000001f9b4e2b000 nmethod 16926 0x000001f9a1094510 code [0x000001f9a1094840, 0x000001f9a10956b8]
Event: 3066.222 Thread 0x000001f9b4e2b000 16929       3       org.apache.xerces.dom.ParentNode::item (6 bytes)
Event: 3066.222 Thread 0x000001f9b4e2b000 nmethod 16929 0x000001f9a1095c90 code [0x000001f9a1095e40, 0x000001f9a1095f68]
Event: 3066.223 Thread 0x000001f9b4e2b000 16930       3       org.gradle.internal.Describables$2::getDisplayName (8 bytes)
Event: 3066.223 Thread 0x000001f9b4e2b000 nmethod 16930 0x000001f9a1096010 code [0x000001f9a1096220, 0x000001f9a1096748]
Event: 3066.227 Thread 0x000001f9b4e25000 nmethod 16927% 0x000001f9a6b21a10 code [0x000001f9a6b21bc0, 0x000001f9a6b22318]
Event: 3066.239 Thread 0x000001f9b4e2b000 16931   !   3       jdk.internal.loader.AbstractClassLoaderValue::get (21 bytes)
Event: 3066.239 Thread 0x000001f9b4e2b000 nmethod 16931 0x000001f9a1096910 code [0x000001f9a1096b20, 0x000001f9a1097188]
Event: 3066.243 Thread 0x000001f9b4e2b000 16932       3       com.google.common.collect.AbstractMultimap::keySet (23 bytes)
Event: 3066.243 Thread 0x000001f9b4e2b000 nmethod 16932 0x000001f9a1097410 code [0x000001f9a10975e0, 0x000001f9a1097848]
Event: 3066.274 Thread 0x000001f9b4e25000 16933       4       org.gradle.internal.snapshot.AbstractIncompleteFileSystemNode::getSnapshot (15 bytes)
Event: 3066.275 Thread 0x000001f9b4e25000 nmethod 16933 0x000001f9a6b22590 code [0x000001f9a6b22740, 0x000001f9a6b22878]
Event: 3066.289 Thread 0x000001f9b4e25000 16934       4       org.gradle.internal.snapshot.ChildMap$Entry::handleAncestorDescendantOrExactMatch (110 bytes)
Event: 3066.289 Thread 0x000001f9b4e2b000 16935       3       org.gradle.api.internal.DefaultNamedDomainObjectCollection$AbstractDomainObjectCreatingProvider::wasElementRemoved (27 bytes)
Event: 3066.290 Thread 0x000001f9b4e2b000 nmethod 16935 0x000001f9a1097910 code [0x000001f9a1097b40, 0x000001f9a1098618]

GC Heap History (20 events):
Event: 3061.884 GC heap before
{Heap before GC invocations=31 (full 0):
 garbage-first heap   total 227328K, used 197107K [0x0000000080000000, 0x0000000100000000)
  region size 1024K, 66 young (67584K), 8 survivors (8192K)
 Metaspace       used 111639K, capacity 114478K, committed 115652K, reserved 1148928K
  class space    used 13960K, capacity 15016K, committed 15360K, reserved 1048576K
}
Event: 3061.910 GC heap after
{Heap after GC invocations=32 (full 0):
 garbage-first heap   total 227328K, used 144936K [0x0000000080000000, 0x0000000100000000)
  region size 1024K, 9 young (9216K), 9 survivors (9216K)
 Metaspace       used 111639K, capacity 114478K, committed 115652K, reserved 1148928K
  class space    used 13960K, capacity 15016K, committed 15360K, reserved 1048576K
}
Event: 3062.014 GC heap before
{Heap before GC invocations=32 (full 0):
 garbage-first heap   total 227328K, used 146984K [0x0000000080000000, 0x0000000100000000)
  region size 1024K, 11 young (11264K), 9 survivors (9216K)
 Metaspace       used 111640K, capacity 114478K, committed 115652K, reserved 1148928K
  class space    used 13960K, capacity 15016K, committed 15360K, reserved 1048576K
}
Event: 3062.033 GC heap after
{Heap after GC invocations=33 (full 0):
 garbage-first heap   total 227328K, used 139602K [0x0000000080000000, 0x0000000100000000)
  region size 1024K, 2 young (2048K), 2 survivors (2048K)
 Metaspace       used 111640K, capacity 114478K, committed 115652K, reserved 1148928K
  class space    used 13960K, capacity 15016K, committed 15360K, reserved 1048576K
}
Event: 3062.627 GC heap before
{Heap before GC invocations=33 (full 0):
 garbage-first heap   total 227328K, used 181586K [0x0000000080000000, 0x0000000100000000)
  region size 1024K, 43 young (44032K), 2 survivors (2048K)
 Metaspace       used 111707K, capacity 114547K, committed 115652K, reserved 1148928K
  class space    used 13962K, capacity 15017K, committed 15360K, reserved 1048576K
}
Event: 3062.635 GC heap after
{Heap after GC invocations=34 (full 0):
 garbage-first heap   total 227328K, used 140365K [0x0000000080000000, 0x0000000100000000)
  region size 1024K, 3 young (3072K), 3 survivors (3072K)
 Metaspace       used 111707K, capacity 114547K, committed 115652K, reserved 1148928K
  class space    used 13962K, capacity 15017K, committed 15360K, reserved 1048576K
}
Event: 3062.926 GC heap before
{Heap before GC invocations=35 (full 0):
 garbage-first heap   total 227328K, used 184397K [0x0000000080000000, 0x0000000100000000)
  region size 1024K, 46 young (47104K), 3 survivors (3072K)
 Metaspace       used 111513K, capacity 114187K, committed 115652K, reserved 1148928K
  class space    used 13931K, capacity 14958K, committed 15360K, reserved 1048576K
}
Event: 3062.933 GC heap after
{Heap after GC invocations=36 (full 0):
 garbage-first heap   total 227328K, used 144074K [0x0000000080000000, 0x0000000100000000)
  region size 1024K, 6 young (6144K), 6 survivors (6144K)
 Metaspace       used 111513K, capacity 114187K, committed 115652K, reserved 1148928K
  class space    used 13931K, capacity 14958K, committed 15360K, reserved 1048576K
}
Event: 3063.017 GC heap before
{Heap before GC invocations=36 (full 0):
 garbage-first heap   total 227328K, used 163530K [0x0000000080000000, 0x0000000100000000)
  region size 1024K, 11 young (11264K), 6 survivors (6144K)
 Metaspace       used 111709K, capacity 114409K, committed 115652K, reserved 1148928K
  class space    used 13945K, capacity 14963K, committed 15360K, reserved 1048576K
}
Event: 3063.028 GC heap after
{Heap after GC invocations=37 (full 0):
 garbage-first heap   total 227328K, used 144800K [0x0000000080000000, 0x0000000100000000)
  region size 1024K, 2 young (2048K), 2 survivors (2048K)
 Metaspace       used 111709K, capacity 114409K, committed 115652K, reserved 1148928K
  class space    used 13945K, capacity 14963K, committed 15360K, reserved 1048576K
}
Event: 3063.471 GC heap before
{Heap before GC invocations=37 (full 0):
 garbage-first heap   total 227328K, used 185760K [0x0000000080000000, 0x0000000100000000)
  region size 1024K, 43 young (44032K), 2 survivors (2048K)
 Metaspace       used 114527K, capacity 117204K, committed 118468K, reserved 1153024K
  class space    used 14162K, capacity 15196K, committed 15616K, reserved 1048576K
}
Event: 3063.484 GC heap after
{Heap after GC invocations=38 (full 0):
 garbage-first heap   total 227328K, used 150440K [0x0000000080000000, 0x0000000100000000)
  region size 1024K, 6 young (6144K), 6 survivors (6144K)
 Metaspace       used 114527K, capacity 117204K, committed 118468K, reserved 1153024K
  class space    used 14162K, capacity 15196K, committed 15616K, reserved 1048576K
}
Event: 3064.021 GC heap before
{Heap before GC invocations=39 (full 0):
 garbage-first heap   total 227328K, used 186280K [0x0000000080000000, 0x0000000100000000)
  region size 1024K, 44 young (45056K), 6 survivors (6144K)
 Metaspace       used 116237K, capacity 118932K, committed 120132K, reserved 1153024K
  class space    used 14296K, capacity 15324K, committed 15744K, reserved 1048576K
}
Event: 3064.026 GC heap after
{Heap after GC invocations=40 (full 0):
 garbage-first heap   total 227328K, used 146366K [0x0000000080000000, 0x0000000100000000)
  region size 1024K, 1 young (1024K), 1 survivors (1024K)
 Metaspace       used 116237K, capacity 118932K, committed 120132K, reserved 1153024K
  class space    used 14296K, capacity 15324K, committed 15744K, reserved 1048576K
}
Event: 3064.091 GC heap before
{Heap before GC invocations=40 (full 0):
 garbage-first heap   total 227328K, used 156606K [0x0000000080000000, 0x0000000100000000)
  region size 1024K, 11 young (11264K), 1 survivors (1024K)
 Metaspace       used 116250K, capacity 118932K, committed 120132K, reserved 1153024K
  class space    used 14296K, capacity 15324K, committed 15744K, reserved 1048576K
}
Event: 3064.100 GC heap after
{Heap after GC invocations=41 (full 0):
 garbage-first heap   total 227328K, used 128368K [0x0000000080000000, 0x0000000100000000)
  region size 1024K, 1 young (1024K), 1 survivors (1024K)
 Metaspace       used 116250K, capacity 118932K, committed 120132K, reserved 1153024K
  class space    used 14296K, capacity 15324K, committed 15744K, reserved 1048576K
}
Event: 3064.197 GC heap before
{Heap before GC invocations=41 (full 0):
 garbage-first heap   total 227328K, used 138608K [0x0000000080000000, 0x0000000100000000)
  region size 1024K, 11 young (11264K), 1 survivors (1024K)
 Metaspace       used 116379K, capacity 119060K, committed 120388K, reserved 1155072K
  class space    used 14307K, capacity 15324K, committed 15744K, reserved 1048576K
}
Event: 3064.201 GC heap after
{Heap after GC invocations=42 (full 0):
 garbage-first heap   total 227328K, used 127766K [0x0000000080000000, 0x0000000100000000)
  region size 1024K, 1 young (1024K), 1 survivors (1024K)
 Metaspace       used 116379K, capacity 119060K, committed 120388K, reserved 1155072K
  class space    used 14307K, capacity 15324K, committed 15744K, reserved 1048576K
}
Event: 3065.620 GC heap before
{Heap before GC invocations=42 (full 0):
 garbage-first heap   total 227328K, used 175894K [0x0000000080000000, 0x0000000100000000)
  region size 1024K, 49 young (50176K), 1 survivors (1024K)
 Metaspace       used 118897K, capacity 121598K, committed 122692K, reserved 1157120K
  class space    used 14591K, capacity 15631K, committed 16000K, reserved 1048576K
}
Event: 3065.623 GC heap after
{Heap after GC invocations=43 (full 0):
 garbage-first heap   total 227328K, used 128375K [0x0000000080000000, 0x0000000100000000)
  region size 1024K, 2 young (2048K), 2 survivors (2048K)
 Metaspace       used 118897K, capacity 121598K, committed 122692K, reserved 1157120K
  class space    used 14591K, capacity 15631K, committed 16000K, reserved 1048576K
}

Deoptimization events (20 events):
Event: 3065.501 Thread 0x000001f9bcefd800 Uncommon trap: trap_request=0xffffff4d fr.pc=0x000001f9a66b5538 relative=0x0000000000002a58
Event: 3065.501 Thread 0x000001f9bcefd800 Uncommon trap: reason=unstable_if action=reinterpret pc=0x000001f9a66b5538 method=java.lang.ref.SoftReference.get()Ljava/lang/Object; @ 6 c2
Event: 3065.501 Thread 0x000001f9bcefd800 DEOPT PACKING pc=0x000001f9a66b5538 sp=0x0000007598af69f0
Event: 3065.501 Thread 0x000001f9bcefd800 DEOPT UNPACKING pc=0x000001f99e61662f sp=0x0000007598af6998 mode 2
Event: 3065.631 Thread 0x000001f9bcefd800 Uncommon trap: trap_request=0xffffff4d fr.pc=0x000001f9a6ae8f9c relative=0x000000000000091c
Event: 3065.631 Thread 0x000001f9bcefd800 Uncommon trap: reason=unstable_if action=reinterpret pc=0x000001f9a6ae8f9c method=java.util.jar.JarFile.getVersionedEntry(Ljava/lang/String;Ljava/util/jar/JarEntry;)Ljava/util/jar/JarEntry; @ 7 c2
Event: 3065.631 Thread 0x000001f9bcefd800 DEOPT PACKING pc=0x000001f9a6ae8f9c sp=0x0000007598af67d0
Event: 3065.631 Thread 0x000001f9bcefd800 DEOPT UNPACKING pc=0x000001f99e61662f sp=0x0000007598af67b0 mode 2
Event: 3066.222 Thread 0x000001f9c31ae000 Uncommon trap: trap_request=0xffffffc6 fr.pc=0x000001f9a6ad8bfc relative=0x000000000000013c
Event: 3066.222 Thread 0x000001f9c31ae000 Uncommon trap: reason=bimorphic_or_optimized_type_check action=maybe_recompile pc=0x000001f9a6ad8bfc method=org.apache.xerces.dom.ElementImpl.getTagName()Ljava/lang/String; @ 8 c2
Event: 3066.222 Thread 0x000001f9c31ae000 DEOPT PACKING pc=0x000001f9a6ad8bfc sp=0x00000075990fd470
Event: 3066.222 Thread 0x000001f9c31ae000 DEOPT UNPACKING pc=0x000001f99e61662f sp=0x00000075990fd430 mode 2
Event: 3066.222 Thread 0x000001f9c31ae000 Uncommon trap: trap_request=0xffffff4d fr.pc=0x000001f9a6943eac relative=0x00000000000004ec
Event: 3066.222 Thread 0x000001f9c31ae000 Uncommon trap: reason=unstable_if action=reinterpret pc=0x000001f9a6943eac method=org.apache.xerces.dom.ParentNode.nodeListItem(I)Lorg/w3c/dom/Node; @ 26 c2
Event: 3066.222 Thread 0x000001f9c31ae000 DEOPT PACKING pc=0x000001f9a6943eac sp=0x00000075990fd6b0
Event: 3066.222 Thread 0x000001f9c31ae000 DEOPT UNPACKING pc=0x000001f99e61662f sp=0x00000075990fd5f8 mode 2
Event: 3066.222 Thread 0x000001f9c31ae000 Uncommon trap: trap_request=0xffffff4d fr.pc=0x000001f9a6935e2c relative=0x00000000000004ec
Event: 3066.222 Thread 0x000001f9c31ae000 Uncommon trap: reason=unstable_if action=reinterpret pc=0x000001f9a6935e2c method=org.apache.xerces.dom.ParentNode.nodeListItem(I)Lorg/w3c/dom/Node; @ 26 c2
Event: 3066.222 Thread 0x000001f9c31ae000 DEOPT PACKING pc=0x000001f9a6935e2c sp=0x00000075990fd6d0
Event: 3066.222 Thread 0x000001f9c31ae000 DEOPT UNPACKING pc=0x000001f99e61662f sp=0x00000075990fd680 mode 2

Classes redefined (0 events):
No events

Internal exceptions (20 events):
Event: 3064.501 Thread 0x000001f9bcefd000 Exception <a 'sun/nio/fs/WindowsException'{0x000000008ce78448}> (0x000000008ce78448) thrown at [./src/hotspot/share/prims/jni.cpp, line 615]
Event: 3064.514 Thread 0x000001f9bcefd000 Exception <a 'sun/nio/fs/WindowsException'{0x000000008ce797c0}> (0x000000008ce797c0) thrown at [./src/hotspot/share/prims/jni.cpp, line 615]
Event: 3064.517 Thread 0x000001f9bcefd000 Exception <a 'sun/nio/fs/WindowsException'{0x000000008ce7ab08}> (0x000000008ce7ab08) thrown at [./src/hotspot/share/prims/jni.cpp, line 615]
Event: 3064.527 Thread 0x000001f9bcefd000 Exception <a 'sun/nio/fs/WindowsException'{0x000000008ce7be40}> (0x000000008ce7be40) thrown at [./src/hotspot/share/prims/jni.cpp, line 615]
Event: 3064.530 Thread 0x000001f9bcefd000 Exception <a 'sun/nio/fs/WindowsException'{0x000000008ce7d1d8}> (0x000000008ce7d1d8) thrown at [./src/hotspot/share/prims/jni.cpp, line 615]
Event: 3064.532 Thread 0x000001f9bcefd000 Exception <a 'sun/nio/fs/WindowsException'{0x000000008cd07bb0}> (0x000000008cd07bb0) thrown at [./src/hotspot/share/prims/jni.cpp, line 615]
Event: 3064.536 Thread 0x000001f9bcefd000 Exception <a 'sun/nio/fs/WindowsException'{0x000000008cd08f68}> (0x000000008cd08f68) thrown at [./src/hotspot/share/prims/jni.cpp, line 615]
Event: 3064.538 Thread 0x000001f9bcefd000 Exception <a 'sun/nio/fs/WindowsException'{0x000000008cd0a2a0}> (0x000000008cd0a2a0) thrown at [./src/hotspot/share/prims/jni.cpp, line 615]
Event: 3064.545 Thread 0x000001f9bcefd000 Exception <a 'sun/nio/fs/WindowsException'{0x000000008cd0b608}> (0x000000008cd0b608) thrown at [./src/hotspot/share/prims/jni.cpp, line 615]
Event: 3064.754 Thread 0x000001f9bcef5800 Implicit null exception at 0x000001f9a687a307 to 0x000001f9a687abf8
Event: 3064.759 Thread 0x000001f9b78ee800 Exception <a 'sun/nio/fs/WindowsException'{0x000000008ccd9a50}> (0x000000008ccd9a50) thrown at [./src/hotspot/share/prims/jni.cpp, line 615]
Event: 3064.759 Thread 0x000001f9b78ee800 Exception <a 'sun/nio/fs/WindowsException'{0x000000008ccdb3c0}> (0x000000008ccdb3c0) thrown at [./src/hotspot/share/prims/jni.cpp, line 615]
Event: 3064.908 Thread 0x000001f9b78fa000 Implicit null exception at 0x000001f9a644bb5a to 0x000001f9a644bbb0
Event: 3065.195 Thread 0x000001f9bcefe800 Exception <a 'sun/nio/fs/WindowsException'{0x000000008c31c2e8}> (0x000000008c31c2e8) thrown at [./src/hotspot/share/prims/jni.cpp, line 615]
Event: 3065.195 Thread 0x000001f9bcefe800 Exception <a 'sun/nio/fs/WindowsException'{0x000000008c31d1f8}> (0x000000008c31d1f8) thrown at [./src/hotspot/share/prims/jni.cpp, line 615]
Event: 3065.195 Thread 0x000001f9bcefe800 Exception <a 'sun/nio/fs/WindowsException'{0x000000008c31d580}> (0x000000008c31d580) thrown at [./src/hotspot/share/prims/jni.cpp, line 615]
Event: 3065.195 Thread 0x000001f9bcefe800 Exception <a 'sun/nio/fs/WindowsException'{0x000000008c31e458}> (0x000000008c31e458) thrown at [./src/hotspot/share/prims/jni.cpp, line 615]
Event: 3065.195 Thread 0x000001f9bcefe800 Exception <a 'sun/nio/fs/WindowsException'{0x000000008c31e7b8}> (0x000000008c31e7b8) thrown at [./src/hotspot/share/prims/jni.cpp, line 615]
Event: 3065.195 Thread 0x000001f9bcefe800 Exception <a 'sun/nio/fs/WindowsException'{0x000000008c31f678}> (0x000000008c31f678) thrown at [./src/hotspot/share/prims/jni.cpp, line 615]
Event: 3065.501 Thread 0x000001f9bcefd800 Implicit null exception at 0x000001f9a66b2b3f to 0x000001f9a66b5524

Events (20 events):
Event: 3066.216 Executing VM operation: RevokeBias
Event: 3066.216 Executing VM operation: RevokeBias done
Event: 3066.221 loading class com/android/build/gradle/tasks/XmlDocumentUtilsKt
Event: 3066.221 loading class com/android/build/gradle/tasks/XmlDocumentUtilsKt done
Event: 3066.224 loading class org/gradle/internal/snapshot/UnknownFileSystemNode
Event: 3066.224 loading class org/gradle/internal/snapshot/UnknownFileSystemNode done
Event: 3066.225 Executing VM operation: Deoptimize
Event: 3066.226 Executing VM operation: Deoptimize done
Event: 3066.233 loading class com/android/ide/common/resources/AssetFile
Event: 3066.233 loading class com/android/ide/common/resources/AssetFile done
Event: 3066.234 Executing VM operation: Deoptimize
Event: 3066.236 Executing VM operation: Deoptimize done
Event: 3066.236 loading class com/android/ide/common/resources/AssetMerger
Event: 3066.236 loading class com/android/ide/common/resources/AssetMerger done
Event: 3066.237 Executing VM operation: Deoptimize
Event: 3066.239 Executing VM operation: Deoptimize done
Event: 3066.240 loading class com/android/ide/common/resources/MergedAssetWriter
Event: 3066.240 loading class com/android/ide/common/resources/MergedAssetWriter done
Event: 3066.289 Executing VM operation: RevokeBias
Event: 3066.289 Executing VM operation: RevokeBias done


Dynamic libraries:
0x00007ff7a7ed0000 - 0x00007ff7a7eda000 	C:\Program Files\Android\Android Studio\jre\bin\java.exe
0x00007ffa87010000 - 0x00007ffa87205000 	C:\WINDOWS\SYSTEM32\ntdll.dll
0x00007ffa86780000 - 0x00007ffa8683e000 	C:\WINDOWS\System32\KERNEL32.DLL
0x00007ffa84a90000 - 0x00007ffa84d58000 	C:\WINDOWS\System32\KERNELBASE.dll
0x00007ffa84850000 - 0x00007ffa84950000 	C:\WINDOWS\System32\ucrtbase.dll
0x00007ffa7bae0000 - 0x00007ffa7baf7000 	C:\Program Files\Android\Android Studio\jre\bin\VCRUNTIME140.dll
0x00007ffa78700000 - 0x00007ffa78719000 	C:\Program Files\Android\Android Studio\jre\bin\jli.dll
0x00007ffa850a0000 - 0x00007ffa85240000 	C:\WINDOWS\System32\USER32.dll
0x00007ffa84820000 - 0x00007ffa84842000 	C:\WINDOWS\System32\win32u.dll
0x00007ffa75c60000 - 0x00007ffa75efa000 	C:\WINDOWS\WinSxS\amd64_microsoft.windows.common-controls_6595b64144ccf1df_6.0.19041.1110_none_60b5254171f9507e\COMCTL32.dll
0x00007ffa866d0000 - 0x00007ffa866fb000 	C:\WINDOWS\System32\GDI32.dll
0x00007ffa85460000 - 0x00007ffa854fe000 	C:\WINDOWS\System32\msvcrt.dll
0x00007ffa84950000 - 0x00007ffa84a5b000 	C:\WINDOWS\System32\gdi32full.dll
0x00007ffa84780000 - 0x00007ffa8481d000 	C:\WINDOWS\System32\msvcp_win.dll
0x00007ffa85070000 - 0x00007ffa850a0000 	C:\WINDOWS\System32\IMM32.DLL
0x00007ffa50ac0000 - 0x00007ffa50b5d000 	C:\Program Files\Android\Android Studio\jre\bin\msvcp140.dll
0x00007ffa336e0000 - 0x00007ffa341b5000 	C:\Program Files\Android\Android Studio\jre\bin\server\jvm.dll
0x00007ffa858e0000 - 0x00007ffa8598e000 	C:\WINDOWS\System32\ADVAPI32.dll
0x00007ffa85620000 - 0x00007ffa856bc000 	C:\WINDOWS\System32\sechost.dll
0x00007ffa868e0000 - 0x00007ffa86a05000 	C:\WINDOWS\System32\RPCRT4.dll
0x00007ffa85370000 - 0x00007ffa85378000 	C:\WINDOWS\System32\PSAPI.DLL
0x00007ffa81ca0000 - 0x00007ffa81ca9000 	C:\WINDOWS\SYSTEM32\WSOCK32.dll
0x00007ffa7d8d0000 - 0x00007ffa7d8f7000 	C:\WINDOWS\SYSTEM32\WINMM.dll
0x00007ffa7e360000 - 0x00007ffa7e36a000 	C:\WINDOWS\SYSTEM32\VERSION.dll
0x00007ffa85870000 - 0x00007ffa858db000 	C:\WINDOWS\System32\WS2_32.dll
0x00007ffa82ff0000 - 0x00007ffa83002000 	C:\WINDOWS\SYSTEM32\kernel.appcore.dll
0x00007ffa81c80000 - 0x00007ffa81c91000 	C:\Program Files\Android\Android Studio\jre\bin\verify.dll
0x00007ffa70500000 - 0x00007ffa706e4000 	C:\WINDOWS\SYSTEM32\DBGHELP.DLL
0x00007ffa6f380000 - 0x00007ffa6f3ac000 	C:\WINDOWS\SYSTEM32\dbgcore.DLL
0x00007ffa84fe0000 - 0x00007ffa85062000 	C:\WINDOWS\System32\bcryptPrimitives.dll
0x00007ffa75520000 - 0x00007ffa75549000 	C:\Program Files\Android\Android Studio\jre\bin\java.dll
0x00007ffa7ff80000 - 0x00007ffa7ff8b000 	C:\Program Files\Android\Android Studio\jre\bin\jimage.dll
0x00007ffa6be60000 - 0x00007ffa6be78000 	C:\Program Files\Android\Android Studio\jre\bin\zip.dll
0x00007ffa85990000 - 0x00007ffa860d4000 	C:\WINDOWS\System32\SHELL32.dll
0x00007ffa82840000 - 0x00007ffa82fd4000 	C:\WINDOWS\SYSTEM32\windows.storage.dll
0x00007ffa86a10000 - 0x00007ffa86d64000 	C:\WINDOWS\System32\combase.dll
0x00007ffa840c0000 - 0x00007ffa840ec000 	C:\WINDOWS\SYSTEM32\Wldp.dll
0x00007ffa86d70000 - 0x00007ffa86e1d000 	C:\WINDOWS\System32\SHCORE.dll
0x00007ffa857f0000 - 0x00007ffa85845000 	C:\WINDOWS\System32\shlwapi.dll
0x00007ffa84670000 - 0x00007ffa8468f000 	C:\WINDOWS\SYSTEM32\profapi.dll
0x00007ffa67da0000 - 0x00007ffa67dba000 	C:\Program Files\Android\Android Studio\jre\bin\net.dll
0x00007ffa7ed40000 - 0x00007ffa7ee49000 	C:\WINDOWS\SYSTEM32\WINHTTP.dll
0x00007ffa83e20000 - 0x00007ffa83e8a000 	C:\WINDOWS\system32\mswsock.dll
0x00007ffa67cb0000 - 0x00007ffa67cc4000 	C:\Program Files\Android\Android Studio\jre\bin\nio.dll
0x00007ffa787b0000 - 0x00007ffa787d7000 	C:\Users\Vik\.gradle\native\e1d6ef7f7dcc3fd88c89a11ec53ec762bb8ba0a96d01ffa2cd45eb1d1d8dd5c5\windows-amd64\native-platform.dll
0x00007ffa4f440000 - 0x00007ffa4f584000 	C:\Users\Vik\.gradle\native\5664cfc778a61ccfe75a443a1ab52a65af34e5dc3c78e0209fed803814484fcb\windows-amd64\native-platform-file-events.dll
0x00007ffa7ba90000 - 0x00007ffa7ba9a000 	C:\Program Files\Android\Android Studio\jre\bin\management.dll
0x00007ffa7aaf0000 - 0x00007ffa7aafd000 	C:\Program Files\Android\Android Studio\jre\bin\management_ext.dll
0x00007ffa84020000 - 0x00007ffa84038000 	C:\WINDOWS\SYSTEM32\CRYPTSP.dll
0x00007ffa837a0000 - 0x00007ffa837d4000 	C:\WINDOWS\system32\rsaenh.dll
0x00007ffa84a60000 - 0x00007ffa84a87000 	C:\WINDOWS\System32\bcrypt.dll
0x00007ffa845f0000 - 0x00007ffa8461e000 	C:\WINDOWS\SYSTEM32\USERENV.dll
0x00007ffa84010000 - 0x00007ffa8401c000 	C:\WINDOWS\SYSTEM32\CRYPTBASE.dll
0x00007ffa83b10000 - 0x00007ffa83b4b000 	C:\WINDOWS\SYSTEM32\IPHLPAPI.DLL
0x00007ffa86840000 - 0x00007ffa86848000 	C:\WINDOWS\System32\NSI.dll
0x00007ffa7e370000 - 0x00007ffa7e387000 	C:\WINDOWS\SYSTEM32\dhcpcsvc6.DLL
0x00007ffa7e5f0000 - 0x00007ffa7e60d000 	C:\WINDOWS\SYSTEM32\dhcpcsvc.DLL
0x00007ffa83b50000 - 0x00007ffa83c1a000 	C:\WINDOWS\SYSTEM32\DNSAPI.dll
0x00007ffa83430000 - 0x00007ffa83463000 	C:\WINDOWS\SYSTEM32\ntmarta.dll

dbghelp: loaded successfully - version: 4.0.5 - missing functions: none
symbol engine: initialized successfully - sym options: 0x614 - pdb path: .;C:\Program Files\Android\Android Studio\jre\bin;C:\WINDOWS\SYSTEM32;C:\WINDOWS\WinSxS\amd64_microsoft.windows.common-controls_6595b64144ccf1df_6.0.19041.1110_none_60b5254171f9507e;C:\Program Files\Android\Android Studio\jre\bin\server;C:\Users\Vik\.gradle\native\e1d6ef7f7dcc3fd88c89a11ec53ec762bb8ba0a96d01ffa2cd45eb1d1d8dd5c5\windows-amd64;C:\Users\Vik\.gradle\native\5664cfc778a61ccfe75a443a1ab52a65af34e5dc3c78e0209fed803814484fcb\windows-amd64

VM Arguments:
jvm_args: --add-opens=java.base/java.util=ALL-UNNAMED --add-opens=java.base/java.lang=ALL-UNNAMED --add-opens=java.base/java.lang.invoke=ALL-UNNAMED --add-opens=java.base/java.util=ALL-UNNAMED --add-opens=java.prefs/java.util.prefs=ALL-UNNAMED --add-opens=java.prefs/java.util.prefs=ALL-UNNAMED --add-opens=java.base/java.nio.charset=ALL-UNNAMED --add-opens=java.base/java.net=ALL-UNNAMED --add-opens=java.base/java.util.concurrent.atomic=ALL-UNNAMED -Xmx2048m -Dfile.encoding=UTF-8 -Duser.country=RU -Duser.language=ru -Duser.variant 
java_command: org.gradle.launcher.daemon.bootstrap.GradleDaemon 7.2
java_class_path (initial): C:\Users\Vik\.gradle\wrapper\dists\gradle-7.2-bin\2dnblmf4td7x66yl1d74lt32g\gradle-7.2\lib\gradle-launcher-7.2.jar
Launcher Type: SUN_STANDARD

[Global flags]
     intx CICompilerCount                          = 3                                         {product} {ergonomic}
     uint ConcGCThreads                            = 1                                         {product} {ergonomic}
     uint G1ConcRefinementThreads                  = 4                                         {product} {ergonomic}
   size_t G1HeapRegionSize                         = 1048576                                   {product} {ergonomic}
    uintx GCDrainStackTargetSize                   = 64                                        {product} {ergonomic}
   size_t InitialHeapSize                          = 134217728                                 {product} {ergonomic}
   size_t MarkStackSize                            = 4194304                                   {product} {ergonomic}
   size_t MaxHeapSize                              = 2147483648                                {product} {command line}
   size_t MaxNewSize                               = 1287651328                                {product} {ergonomic}
   size_t MinHeapDeltaBytes                        = 1048576                                   {product} {ergonomic}
    uintx NonNMethodCodeHeapSize                   = 5830732                                {pd product} {ergonomic}
    uintx NonProfiledCodeHeapSize                  = 122913754                              {pd product} {ergonomic}
    uintx ProfiledCodeHeapSize                     = 122913754                              {pd product} {ergonomic}
    uintx ReservedCodeCacheSize                    = 251658240                              {pd product} {ergonomic}
     bool SegmentedCodeCache                       = true                                      {product} {ergonomic}
     bool UseCompressedClassPointers               = true                                 {lp64_product} {ergonomic}
     bool UseCompressedOops                        = true                                 {lp64_product} {ergonomic}
     bool UseG1GC                                  = true                                      {product} {ergonomic}
     bool UseLargePagesIndividualAllocation        = false                                  {pd product} {ergonomic}

Logging:
Log output configuration:
 #0: stdout all=warning uptime,level,tags
 #1: stderr all=off uptime,level,tags

Environment Variables:
JAVA_HOME=c:\Program Files\Java\jdk-16.0.2
PATH=C:\Program Files\Common Files\Oracle\Java\javapath;C:\Program Files (x86)\Common Files\Oracle\Java\javapath;C:\ProgramData\Oracle\Java\javapath;C:\Windows\system32;C:\Windows;C:\Windows\System32\Wbem;C:\Windows\System32\WindowsPowerShell\v1.0\;C:\Program Files (x86)\NVIDIA Corporation\PhysX\Common;C:\Program Files\Java\jdk-16.0.2\bin\;C:\WINDOWS\system32;C:\WINDOWS;C:\WINDOWS\System32\Wbem;C:\WINDOWS\System32\WindowsPowerShell\v1.0\;C:\WINDOWS\System32\OpenSSH\;C:\Program Files\dotnet\;C:\Program Files\Git\cmd;C:\Users\Vik\AppData\Local\Microsoft\WindowsApps;C:\Program Files\JetBrains\IntelliJ IDEA Community Edition 2021.3\bin;C:\Users\Vik\AppData\Local\GitHubDesktop\bin;C:\Users\Vik\AppData\Local\gitkraken\bin
USERNAME=Vik
OS=Windows_NT
PROCESSOR_IDENTIFIER=Intel64 Family 6 Model 60 Stepping 3, GenuineIntel



---------------  S Y S T E M  ---------------

OS: Windows 10 , 64 bit Build 19041 (10.0.19041.1566)
OS uptime: 3 days 4:12 hours

CPU:total 4 (initial active 4) (4 cores per cpu, 1 threads per core) family 6 model 60 stepping 3 microcode 0x27, cmov, cx8, fxsr, mmx, sse, sse2, sse3, ssse3, sse4.1, sse4.2, popcnt, avx, avx2, aes, clmul, erms, lzcnt, tsc, tscinvbit, bmi1, bmi2, fma

Memory: 4k page, system-wide physical 8128M (821M free)
TotalPageFile size 10528M (AvailPageFile size 0M)
current process WorkingSet (physical memory assigned to process): 495M, peak: 513M
current process commit charge ("private bytes"): 585M, peak: 589M

vm_info: OpenJDK 64-Bit Server VM (11.0.11+9-b60-7590822) for windows-amd64 JRE (11.0.11+9-b60-7590822), built on Jul 29 2021 21:43:44 by "builder" with MS VC++ 14.0 (VS2015)

END.
